{"/config/workspace/dadz/app/_layout.tsx": {"path":"/config/workspace/dadz/app/_layout.tsx","statementMap":{"0":{"start":{"line":14,"column":20},"end":{"line":14,"column":36}},"1":{"start":{"line":16,"column":2},"end":{"line":20,"column":4}},"2":{"start":{"line":24,"column":2},"end":{"line":36,"column":4}}},"fnMap":{"0":{"name":"RTLWrapper","decl":{"start":{"line":13,"column":9},"end":{"line":13,"column":19}},"loc":{"start":{"line":13,"column":65},"end":{"line":21,"column":1}},"line":13},"1":{"name":"RootLayout","decl":{"start":{"line":23,"column":24},"end":{"line":23,"column":34}},"loc":{"start":{"line":23,"column":37},"end":{"line":37,"column":1}},"line":23}},"branchMap":{"0":{"loc":{"start":{"line":17,"column":39},"end":{"line":17,"column":60}},"type":"cond-expr","locations":[{"start":{"line":17,"column":47},"end":{"line":17,"column":52}},{"start":{"line":17,"column":55},"end":{"line":17,"column":60}}],"line":17}},"s":{"0":0,"1":0,"2":0},"f":{"0":0,"1":0},"b":{"0":[0,0]}}
,"/config/workspace/dadz/app/index.tsx": {"path":"/config/workspace/dadz/app/index.tsx","statementMap":{"0":{"start":{"line":4,"column":2},"end":{"line":4,"column":53}}},"fnMap":{"0":{"name":"Index","decl":{"start":{"line":3,"column":24},"end":{"line":3,"column":29}},"loc":{"start":{"line":3,"column":32},"end":{"line":5,"column":1}},"line":3}},"branchMap":{},"s":{"0":0},"f":{"0":0},"b":{}}
,"/config/workspace/dadz/app/sign.tsx": {"path":"/config/workspace/dadz/app/sign.tsx","statementMap":{"0":{"start":{"line":20,"column":0},"end":{"line":26,"column":2}},"1":{"start":{"line":21,"column":2},"end":{"line":25,"column":3}},"2":{"start":{"line":22,"column":4},"end":{"line":22,"column":36}},"3":{"start":{"line":24,"column":4},"end":{"line":24,"column":35}},"4":{"start":{"line":42,"column":19},"end":{"line":451,"column":1}},"5":{"start":{"line":43,"column":17},"end":{"line":43,"column":28}},"6":{"start":{"line":44,"column":16},"end":{"line":44,"column":32}},"7":{"start":{"line":45,"column":36},"end":{"line":45,"column":73}},"8":{"start":{"line":46,"column":32},"end":{"line":46,"column":47}},"9":{"start":{"line":47,"column":38},"end":{"line":47,"column":53}},"10":{"start":{"line":48,"column":36},"end":{"line":48,"column":51}},"11":{"start":{"line":49,"column":40},"end":{"line":53,"column":4}},"12":{"start":{"line":56,"column":22},"end":{"line":65,"column":10}},"13":{"start":{"line":56,"column":42},"end":{"line":65,"column":4}},"14":{"start":{"line":67,"column":23},"end":{"line":90,"column":10}},"15":{"start":{"line":67,"column":43},"end":{"line":90,"column":4}},"16":{"start":{"line":93,"column":2},"end":{"line":101,"column":9}},"17":{"start":{"line":94,"column":25},"end":{"line":99,"column":5}},"18":{"start":{"line":95,"column":36},"end":{"line":95,"column":68}},"19":{"start":{"line":96,"column":6},"end":{"line":98,"column":7}},"20":{"start":{"line":97,"column":8},"end":{"line":97,"column":39}},"21":{"start":{"line":100,"column":4},"end":{"line":100,"column":19}},"22":{"start":{"line":104,"column":20},"end":{"line":111,"column":4}},"23":{"start":{"line":114,"column":21},"end":{"line":124,"column":4}},"24":{"start":{"line":126,"column":23},"end":{"line":130,"column":3}},"25":{"start":{"line":127,"column":4},"end":{"line":127,"column":48}},"26":{"start":{"line":128,"column":4},"end":{"line":128,"column":23}},"27":{"start":{"line":129,"column":4},"end":{"line":129,"column":48}},"28":{"start":{"line":129,"column":21},"end":{"line":129,"column":40}},"29":{"start":{"line":133,"column":24},"end":{"line":168,"column":3}},"30":{"start":{"line":134,"column":4},"end":{"line":134,"column":21}},"31":{"start":{"line":136,"column":4},"end":{"line":167,"column":5}},"32":{"start":{"line":137,"column":30},"end":{"line":137,"column":89}},"33":{"start":{"line":139,"column":6},"end":{"line":139,"column":29}},"34":{"start":{"line":139,"column":17},"end":{"line":139,"column":29}},"35":{"start":{"line":142,"column":6},"end":{"line":150,"column":7}},"36":{"start":{"line":143,"column":8},"end":{"line":143,"column":38}},"37":{"start":{"line":144,"column":8},"end":{"line":148,"column":10}},"38":{"start":{"line":149,"column":8},"end":{"line":149,"column":15}},"39":{"start":{"line":152,"column":6},"end":{"line":156,"column":8}},"40":{"start":{"line":157,"column":6},"end":{"line":157,"column":37}},"41":{"start":{"line":160,"column":6},"end":{"line":164,"column":8}},"42":{"start":{"line":166,"column":6},"end":{"line":166,"column":24}},"43":{"start":{"line":171,"column":25},"end":{"line":208,"column":3}},"44":{"start":{"line":172,"column":4},"end":{"line":172,"column":21}},"45":{"start":{"line":174,"column":4},"end":{"line":207,"column":5}},"46":{"start":{"line":175,"column":24},"end":{"line":185,"column":8}},"47":{"start":{"line":187,"column":6},"end":{"line":187,"column":29}},"48":{"start":{"line":187,"column":17},"end":{"line":187,"column":29}},"49":{"start":{"line":189,"column":6},"end":{"line":193,"column":8}},"50":{"start":{"line":196,"column":6},"end":{"line":198,"column":15}},"51":{"start":{"line":197,"column":8},"end":{"line":197,"column":30}},"52":{"start":{"line":200,"column":6},"end":{"line":204,"column":8}},"53":{"start":{"line":206,"column":6},"end":{"line":206,"column":24}},"54":{"start":{"line":210,"column":27},"end":{"line":217,"column":3}},"55":{"start":{"line":211,"column":4},"end":{"line":211,"column":31}},"56":{"start":{"line":212,"column":4},"end":{"line":216,"column":6}},"57":{"start":{"line":219,"column":31},"end":{"line":221,"column":3}},"58":{"start":{"line":220,"column":4},"end":{"line":220,"column":35}},"59":{"start":{"line":223,"column":2},"end":{"line":450,"column":4}},"60":{"start":{"line":248,"column":31},"end":{"line":248,"column":50}},"61":{"start":{"line":260,"column":18},"end":{"line":270,"column":20}},"62":{"start":{"line":278,"column":18},"end":{"line":285,"column":20}},"63":{"start":{"line":325,"column":31},"end":{"line":325,"column":53}},"64":{"start":{"line":338,"column":18},"end":{"line":347,"column":20}},"65":{"start":{"line":355,"column":18},"end":{"line":364,"column":20}},"66":{"start":{"line":372,"column":18},"end":{"line":382,"column":20}},"67":{"start":{"line":390,"column":18},"end":{"line":399,"column":20}},"68":{"start":{"line":407,"column":18},"end":{"line":414,"column":20}},"69":{"start":{"line":440,"column":31},"end":{"line":440,"column":52}}},"fnMap":{"0":{"name":"(anonymous_0)","decl":{"start":{"line":20,"column":36},"end":{"line":20,"column":37}},"loc":{"start":{"line":20,"column":47},"end":{"line":26,"column":1}},"line":20},"1":{"name":"(anonymous_1)","decl":{"start":{"line":42,"column":19},"end":{"line":42,"column":20}},"loc":{"start":{"line":42,"column":25},"end":{"line":451,"column":1}},"line":42},"2":{"name":"(anonymous_2)","decl":{"start":{"line":56,"column":36},"end":{"line":56,"column":37}},"loc":{"start":{"line":56,"column":42},"end":{"line":65,"column":4}},"line":56},"3":{"name":"(anonymous_3)","decl":{"start":{"line":67,"column":37},"end":{"line":67,"column":38}},"loc":{"start":{"line":67,"column":43},"end":{"line":90,"column":4}},"line":67},"4":{"name":"(anonymous_4)","decl":{"start":{"line":93,"column":18},"end":{"line":93,"column":19}},"loc":{"start":{"line":93,"column":24},"end":{"line":101,"column":3}},"line":93},"5":{"name":"(anonymous_5)","decl":{"start":{"line":94,"column":25},"end":{"line":94,"column":26}},"loc":{"start":{"line":94,"column":37},"end":{"line":99,"column":5}},"line":94},"6":{"name":"(anonymous_6)","decl":{"start":{"line":126,"column":23},"end":{"line":126,"column":24}},"loc":{"start":{"line":126,"column":99},"end":{"line":130,"column":3}},"line":126},"7":{"name":"(anonymous_7)","decl":{"start":{"line":129,"column":15},"end":{"line":129,"column":16}},"loc":{"start":{"line":129,"column":21},"end":{"line":129,"column":40}},"line":129},"8":{"name":"(anonymous_8)","decl":{"start":{"line":133,"column":24},"end":{"line":133,"column":25}},"loc":{"start":{"line":133,"column":70},"end":{"line":168,"column":3}},"line":133},"9":{"name":"(anonymous_9)","decl":{"start":{"line":171,"column":25},"end":{"line":171,"column":26}},"loc":{"start":{"line":171,"column":106},"end":{"line":208,"column":3}},"line":171},"10":{"name":"(anonymous_10)","decl":{"start":{"line":196,"column":17},"end":{"line":196,"column":18}},"loc":{"start":{"line":196,"column":23},"end":{"line":198,"column":7}},"line":196},"11":{"name":"(anonymous_11)","decl":{"start":{"line":210,"column":27},"end":{"line":210,"column":28}},"loc":{"start":{"line":210,"column":39},"end":{"line":217,"column":3}},"line":210},"12":{"name":"(anonymous_12)","decl":{"start":{"line":219,"column":31},"end":{"line":219,"column":32}},"loc":{"start":{"line":219,"column":37},"end":{"line":221,"column":3}},"line":219},"13":{"name":"(anonymous_13)","decl":{"start":{"line":248,"column":25},"end":{"line":248,"column":26}},"loc":{"start":{"line":248,"column":31},"end":{"line":248,"column":50}},"line":248},"14":{"name":"(anonymous_14)","decl":{"start":{"line":259,"column":24},"end":{"line":259,"column":25}},"loc":{"start":{"line":260,"column":18},"end":{"line":270,"column":20}},"line":260},"15":{"name":"(anonymous_15)","decl":{"start":{"line":277,"column":24},"end":{"line":277,"column":25}},"loc":{"start":{"line":278,"column":18},"end":{"line":285,"column":20}},"line":278},"16":{"name":"(anonymous_16)","decl":{"start":{"line":325,"column":25},"end":{"line":325,"column":26}},"loc":{"start":{"line":325,"column":31},"end":{"line":325,"column":53}},"line":325},"17":{"name":"(anonymous_17)","decl":{"start":{"line":337,"column":24},"end":{"line":337,"column":25}},"loc":{"start":{"line":338,"column":18},"end":{"line":347,"column":20}},"line":338},"18":{"name":"(anonymous_18)","decl":{"start":{"line":354,"column":24},"end":{"line":354,"column":25}},"loc":{"start":{"line":355,"column":18},"end":{"line":364,"column":20}},"line":355},"19":{"name":"(anonymous_19)","decl":{"start":{"line":371,"column":24},"end":{"line":371,"column":25}},"loc":{"start":{"line":372,"column":18},"end":{"line":382,"column":20}},"line":372},"20":{"name":"(anonymous_20)","decl":{"start":{"line":389,"column":24},"end":{"line":389,"column":25}},"loc":{"start":{"line":390,"column":18},"end":{"line":399,"column":20}},"line":390},"21":{"name":"(anonymous_21)","decl":{"start":{"line":406,"column":24},"end":{"line":406,"column":25}},"loc":{"start":{"line":407,"column":18},"end":{"line":414,"column":20}},"line":407},"22":{"name":"(anonymous_22)","decl":{"start":{"line":440,"column":25},"end":{"line":440,"column":26}},"loc":{"start":{"line":440,"column":31},"end":{"line":440,"column":52}},"line":440}},"branchMap":{"0":{"loc":{"start":{"line":21,"column":2},"end":{"line":25,"column":3}},"type":"if","locations":[{"start":{"line":21,"column":2},"end":{"line":25,"column":3}},{"start":{"line":23,"column":9},"end":{"line":25,"column":3}}],"line":21},"1":{"loc":{"start":{"line":96,"column":6},"end":{"line":98,"column":7}},"type":"if","locations":[{"start":{"line":96,"column":6},"end":{"line":98,"column":7}},{"start":{},"end":{}}],"line":96},"2":{"loc":{"start":{"line":139,"column":6},"end":{"line":139,"column":29}},"type":"if","locations":[{"start":{"line":139,"column":6},"end":{"line":139,"column":29}},{"start":{},"end":{}}],"line":139},"3":{"loc":{"start":{"line":142,"column":6},"end":{"line":150,"column":7}},"type":"if","locations":[{"start":{"line":142,"column":6},"end":{"line":150,"column":7}},{"start":{},"end":{}}],"line":142},"4":{"loc":{"start":{"line":142,"column":10},"end":{"line":142,"column":52}},"type":"binary-expr","locations":[{"start":{"line":142,"column":10},"end":{"line":142,"column":19}},{"start":{"line":142,"column":23},"end":{"line":142,"column":52}}],"line":142},"5":{"loc":{"start":{"line":187,"column":6},"end":{"line":187,"column":29}},"type":"if","locations":[{"start":{"line":187,"column":6},"end":{"line":187,"column":29}},{"start":{},"end":{}}],"line":187},"6":{"loc":{"start":{"line":202,"column":8},"end":{"line":202,"column":63}},"type":"binary-expr","locations":[{"start":{"line":202,"column":8},"end":{"line":202,"column":22}},{"start":{"line":202,"column":26},"end":{"line":202,"column":63}}],"line":202},"7":{"loc":{"start":{"line":228,"column":18},"end":{"line":228,"column":62}},"type":"cond-expr","locations":[{"start":{"line":228,"column":42},"end":{"line":228,"column":51}},{"start":{"line":228,"column":54},"end":{"line":228,"column":62}}],"line":228},"8":{"loc":{"start":{"line":242,"column":11},"end":{"line":251,"column":11}},"type":"binary-expr","locations":[{"start":{"line":242,"column":11},"end":{"line":242,"column":20}},{"start":{"line":243,"column":12},"end":{"line":250,"column":19}}],"line":242},"9":{"loc":{"start":{"line":254,"column":11},"end":{"line":329,"column":11}},"type":"binary-expr","locations":[{"start":{"line":254,"column":11},"end":{"line":254,"column":32}},{"start":{"line":255,"column":12},"end":{"line":328,"column":19}}],"line":254},"10":{"loc":{"start":{"line":308,"column":26},"end":{"line":308,"column":86}},"type":"binary-expr","locations":[{"start":{"line":308,"column":26},"end":{"line":308,"column":54}},{"start":{"line":308,"column":58},"end":{"line":308,"column":86}}],"line":308},"11":{"loc":{"start":{"line":332,"column":11},"end":{"line":444,"column":11}},"type":"binary-expr","locations":[{"start":{"line":332,"column":11},"end":{"line":332,"column":33}},{"start":{"line":333,"column":12},"end":{"line":443,"column":19}}],"line":332},"12":{"loc":{"start":{"line":422,"column":26},"end":{"line":422,"column":88}},"type":"binary-expr","locations":[{"start":{"line":422,"column":26},"end":{"line":422,"column":55}},{"start":{"line":422,"column":59},"end":{"line":422,"column":88}}],"line":422}},"s":{"0":0,"1":0,"2":0,"3":0,"4":0,"5":0,"6":0,"7":0,"8":0,"9":0,"10":0,"11":0,"12":0,"13":0,"14":0,"15":0,"16":0,"17":0,"18":0,"19":0,"20":0,"21":0,"22":0,"23":0,"24":0,"25":0,"26":0,"27":0,"28":0,"29":0,"30":0,"31":0,"32":0,"33":0,"34":0,"35":0,"36":0,"37":0,"38":0,"39":0,"40":0,"41":0,"42":0,"43":0,"44":0,"45":0,"46":0,"47":0,"48":0,"49":0,"50":0,"51":0,"52":0,"53":0,"54":0,"55":0,"56":0,"57":0,"58":0,"59":0,"60":0,"61":0,"62":0,"63":0,"64":0,"65":0,"66":0,"67":0,"68":0,"69":0},"f":{"0":0,"1":0,"2":0,"3":0,"4":0,"5":0,"6":0,"7":0,"8":0,"9":0,"10":0,"11":0,"12":0,"13":0,"14":0,"15":0,"16":0,"17":0,"18":0,"19":0,"20":0,"21":0,"22":0},"b":{"0":[0,0],"1":[0,0],"2":[0,0],"3":[0,0],"4":[0,0],"5":[0,0],"6":[0,0],"7":[0,0],"8":[0,0],"9":[0,0],"10":[0,0],"11":[0,0],"12":[0,0]}}
,"/config/workspace/dadz/app/(tabs)/_layout.tsx": {"path":"/config/workspace/dadz/app/(tabs)/_layout.tsx","statementMap":{"0":{"start":{"line":7,"column":17},"end":{"line":7,"column":28}},"1":{"start":{"line":8,"column":19},"end":{"line":8,"column":32}},"2":{"start":{"line":11,"column":20},"end":{"line":14,"column":16}},"3":{"start":{"line":12,"column":22},"end":{"line":12,"column":57}},"4":{"start":{"line":13,"column":4},"end":{"line":13,"column":66}},"5":{"start":{"line":16,"column":25},"end":{"line":22,"column":3}},"6":{"start":{"line":18,"column":19},"end":{"line":18,"column":53}},"7":{"start":{"line":19,"column":6},"end":{"line":19,"column":36}},"8":{"start":{"line":24,"column":2},"end":{"line":43,"column":4}},"9":{"start":{"line":30,"column":8},"end":{"line":34,"column":10}}},"fnMap":{"0":{"name":"TabsLayout","decl":{"start":{"line":6,"column":24},"end":{"line":6,"column":34}},"loc":{"start":{"line":6,"column":37},"end":{"line":44,"column":1}},"line":6},"1":{"name":"(anonymous_1)","decl":{"start":{"line":11,"column":28},"end":{"line":11,"column":29}},"loc":{"start":{"line":11,"column":34},"end":{"line":14,"column":3}},"line":11},"2":{"name":"(anonymous_2)","decl":{"start":{"line":17,"column":4},"end":{"line":17,"column":5}},"loc":{"start":{"line":17,"column":25},"end":{"line":20,"column":5}},"line":17},"3":{"name":"(anonymous_3)","decl":{"start":{"line":29,"column":14},"end":{"line":29,"column":15}},"loc":{"start":{"line":30,"column":8},"end":{"line":34,"column":10}},"line":30}},"branchMap":{"0":{"loc":{"start":{"line":12,"column":22},"end":{"line":12,"column":57}},"type":"binary-expr","locations":[{"start":{"line":12,"column":22},"end":{"line":12,"column":47}},{"start":{"line":12,"column":51},"end":{"line":12,"column":57}}],"line":12}},"s":{"0":0,"1":0,"2":0,"3":0,"4":0,"5":0,"6":0,"7":0,"8":0,"9":0},"f":{"0":0,"1":0,"2":0,"3":0},"b":{"0":[0,0]}}
,"/config/workspace/dadz/app/(tabs)/chart.tsx": {"path":"/config/workspace/dadz/app/(tabs)/chart.tsx","statementMap":{"0":{"start":{"line":13,"column":16},"end":{"line":13,"column":32}},"1":{"start":{"line":15,"column":2},"end":{"line":34,"column":4}}},"fnMap":{"0":{"name":"ChartScreen","decl":{"start":{"line":12,"column":24},"end":{"line":12,"column":35}},"loc":{"start":{"line":12,"column":38},"end":{"line":35,"column":1}},"line":12}},"branchMap":{},"s":{"0":0,"1":0},"f":{"0":0},"b":{}}
,"/config/workspace/dadz/app/(tabs)/home.tsx": {"path":"/config/workspace/dadz/app/(tabs)/home.tsx","statementMap":{"0":{"start":{"line":29,"column":16},"end":{"line":29,"column":32}},"1":{"start":{"line":30,"column":26},"end":{"line":30,"column":42}},"2":{"start":{"line":31,"column":17},"end":{"line":31,"column":39}},"3":{"start":{"line":34,"column":36},"end":{"line":36,"column":3}},"4":{"start":{"line":35,"column":4},"end":{"line":35,"column":83}},"5":{"start":{"line":35,"column":39},"end":{"line":35,"column":77}},"6":{"start":{"line":37,"column":44},"end":{"line":37,"column":59}},"7":{"start":{"line":38,"column":48},"end":{"line":38,"column":77}},"8":{"start":{"line":39,"column":56},"end":{"line":39,"column":71}},"9":{"start":{"line":42,"column":80},"end":{"line":42,"column":94}},"10":{"start":{"line":45,"column":39},"end":{"line":78,"column":9}},"11":{"start":{"line":45,"column":53},"end":{"line":78,"column":3}},"12":{"start":{"line":81,"column":31},"end":{"line":83,"column":8}},"13":{"start":{"line":82,"column":4},"end":{"line":82,"column":59}},"14":{"start":{"line":82,"column":28},"end":{"line":82,"column":56}},"15":{"start":{"line":85,"column":23},"end":{"line":88,"column":8}},"16":{"start":{"line":87,"column":4},"end":{"line":87,"column":40}},"17":{"start":{"line":90,"column":28},"end":{"line":92,"column":8}},"18":{"start":{"line":91,"column":4},"end":{"line":91,"column":27}},"19":{"start":{"line":94,"column":28},"end":{"line":96,"column":8}},"20":{"start":{"line":95,"column":4},"end":{"line":95,"column":28}},"21":{"start":{"line":98,"column":29},"end":{"line":102,"column":8}},"22":{"start":{"line":99,"column":4},"end":{"line":99,"column":32}},"23":{"start":{"line":100,"column":4},"end":{"line":100,"column":45}},"24":{"start":{"line":104,"column":26},"end":{"line":107,"column":8}},"25":{"start":{"line":106,"column":4},"end":{"line":106,"column":32}},"26":{"start":{"line":109,"column":34},"end":{"line":112,"column":8}},"27":{"start":{"line":111,"column":4},"end":{"line":111,"column":40}},"28":{"start":{"line":114,"column":27},"end":{"line":117,"column":8}},"29":{"start":{"line":116,"column":4},"end":{"line":116,"column":33}},"30":{"start":{"line":119,"column":30},"end":{"line":122,"column":8}},"31":{"start":{"line":121,"column":4},"end":{"line":121,"column":53}},"32":{"start":{"line":124,"column":32},"end":{"line":127,"column":8}},"33":{"start":{"line":126,"column":4},"end":{"line":126,"column":57}},"34":{"start":{"line":129,"column":30},"end":{"line":131,"column":8}},"35":{"start":{"line":130,"column":4},"end":{"line":130,"column":33}},"36":{"start":{"line":133,"column":34},"end":{"line":135,"column":8}},"37":{"start":{"line":134,"column":4},"end":{"line":134,"column":34}},"38":{"start":{"line":137,"column":30},"end":{"line":139,"column":25}},"39":{"start":{"line":138,"column":4},"end":{"line":138,"column":31}},"40":{"start":{"line":141,"column":36},"end":{"line":143,"column":27}},"41":{"start":{"line":142,"column":4},"end":{"line":142,"column":33}},"42":{"start":{"line":146,"column":21},"end":{"line":146,"column":50}},"43":{"start":{"line":146,"column":35},"end":{"line":146,"column":45}},"44":{"start":{"line":147,"column":22},"end":{"line":147,"column":52}},"45":{"start":{"line":147,"column":36},"end":{"line":147,"column":47}},"46":{"start":{"line":148,"column":20},"end":{"line":148,"column":49}},"47":{"start":{"line":148,"column":34},"end":{"line":148,"column":44}},"48":{"start":{"line":150,"column":2},"end":{"line":210,"column":4}}},"fnMap":{"0":{"name":"HomeScreen","decl":{"start":{"line":28,"column":24},"end":{"line":28,"column":34}},"loc":{"start":{"line":28,"column":37},"end":{"line":211,"column":1}},"line":28},"1":{"name":"(anonymous_1)","decl":{"start":{"line":34,"column":59},"end":{"line":34,"column":60}},"loc":{"start":{"line":35,"column":4},"end":{"line":35,"column":83}},"line":35},"2":{"name":"(anonymous_2)","decl":{"start":{"line":35,"column":23},"end":{"line":35,"column":24}},"loc":{"start":{"line":35,"column":39},"end":{"line":35,"column":77}},"line":35},"3":{"name":"(anonymous_3)","decl":{"start":{"line":45,"column":47},"end":{"line":45,"column":48}},"loc":{"start":{"line":45,"column":53},"end":{"line":78,"column":3}},"line":45},"4":{"name":"(anonymous_4)","decl":{"start":{"line":81,"column":43},"end":{"line":81,"column":44}},"loc":{"start":{"line":81,"column":59},"end":{"line":83,"column":3}},"line":81},"5":{"name":"(anonymous_5)","decl":{"start":{"line":82,"column":17},"end":{"line":82,"column":18}},"loc":{"start":{"line":82,"column":28},"end":{"line":82,"column":56}},"line":82},"6":{"name":"(anonymous_6)","decl":{"start":{"line":85,"column":35},"end":{"line":85,"column":36}},"loc":{"start":{"line":85,"column":53},"end":{"line":88,"column":3}},"line":85},"7":{"name":"(anonymous_7)","decl":{"start":{"line":90,"column":40},"end":{"line":90,"column":41}},"loc":{"start":{"line":90,"column":46},"end":{"line":92,"column":3}},"line":90},"8":{"name":"(anonymous_8)","decl":{"start":{"line":94,"column":40},"end":{"line":94,"column":41}},"loc":{"start":{"line":94,"column":46},"end":{"line":96,"column":3}},"line":94},"9":{"name":"(anonymous_9)","decl":{"start":{"line":98,"column":41},"end":{"line":98,"column":42}},"loc":{"start":{"line":98,"column":71},"end":{"line":102,"column":3}},"line":98},"10":{"name":"(anonymous_10)","decl":{"start":{"line":104,"column":38},"end":{"line":104,"column":39}},"loc":{"start":{"line":104,"column":44},"end":{"line":107,"column":3}},"line":104},"11":{"name":"(anonymous_11)","decl":{"start":{"line":109,"column":46},"end":{"line":109,"column":47}},"loc":{"start":{"line":109,"column":52},"end":{"line":112,"column":3}},"line":109},"12":{"name":"(anonymous_12)","decl":{"start":{"line":114,"column":39},"end":{"line":114,"column":40}},"loc":{"start":{"line":114,"column":45},"end":{"line":117,"column":3}},"line":114},"13":{"name":"(anonymous_13)","decl":{"start":{"line":119,"column":42},"end":{"line":119,"column":43}},"loc":{"start":{"line":119,"column":66},"end":{"line":122,"column":3}},"line":119},"14":{"name":"(anonymous_14)","decl":{"start":{"line":124,"column":44},"end":{"line":124,"column":45}},"loc":{"start":{"line":124,"column":72},"end":{"line":127,"column":3}},"line":124},"15":{"name":"(anonymous_15)","decl":{"start":{"line":129,"column":42},"end":{"line":129,"column":43}},"loc":{"start":{"line":129,"column":48},"end":{"line":131,"column":3}},"line":129},"16":{"name":"(anonymous_16)","decl":{"start":{"line":133,"column":46},"end":{"line":133,"column":47}},"loc":{"start":{"line":133,"column":52},"end":{"line":135,"column":3}},"line":133},"17":{"name":"(anonymous_17)","decl":{"start":{"line":137,"column":42},"end":{"line":137,"column":43}},"loc":{"start":{"line":137,"column":64},"end":{"line":139,"column":3}},"line":137},"18":{"name":"(anonymous_18)","decl":{"start":{"line":141,"column":48},"end":{"line":141,"column":49}},"loc":{"start":{"line":141,"column":70},"end":{"line":143,"column":3}},"line":141},"19":{"name":"(anonymous_19)","decl":{"start":{"line":146,"column":29},"end":{"line":146,"column":30}},"loc":{"start":{"line":146,"column":35},"end":{"line":146,"column":45}},"line":146},"20":{"name":"(anonymous_20)","decl":{"start":{"line":147,"column":30},"end":{"line":147,"column":31}},"loc":{"start":{"line":147,"column":36},"end":{"line":147,"column":47}},"line":147},"21":{"name":"(anonymous_21)","decl":{"start":{"line":148,"column":28},"end":{"line":148,"column":29}},"loc":{"start":{"line":148,"column":34},"end":{"line":148,"column":44}},"line":148}},"branchMap":{"0":{"loc":{"start":{"line":152,"column":27},"end":{"line":152,"column":68}},"type":"cond-expr","locations":[{"start":{"line":152,"column":36},"end":{"line":152,"column":51}},{"start":{"line":152,"column":54},"end":{"line":152,"column":68}}],"line":152}},"s":{"0":0,"1":0,"2":0,"3":0,"4":0,"5":0,"6":0,"7":0,"8":0,"9":0,"10":0,"11":0,"12":0,"13":0,"14":0,"15":0,"16":0,"17":0,"18":0,"19":0,"20":0,"21":0,"22":0,"23":0,"24":0,"25":0,"26":0,"27":0,"28":0,"29":0,"30":0,"31":0,"32":0,"33":0,"34":0,"35":0,"36":0,"37":0,"38":0,"39":0,"40":0,"41":0,"42":0,"43":0,"44":0,"45":0,"46":0,"47":0,"48":0},"f":{"0":0,"1":0,"2":0,"3":0,"4":0,"5":0,"6":0,"7":0,"8":0,"9":0,"10":0,"11":0,"12":0,"13":0,"14":0,"15":0,"16":0,"17":0,"18":0,"19":0,"20":0,"21":0},"b":{"0":[0,0]}}
,"/config/workspace/dadz/app/(tabs)/offer.tsx": {"path":"/config/workspace/dadz/app/(tabs)/offer.tsx","statementMap":{"0":{"start":{"line":13,"column":16},"end":{"line":13,"column":32}},"1":{"start":{"line":15,"column":2},"end":{"line":34,"column":4}}},"fnMap":{"0":{"name":"OfferScreen","decl":{"start":{"line":12,"column":24},"end":{"line":12,"column":35}},"loc":{"start":{"line":12,"column":38},"end":{"line":35,"column":1}},"line":12}},"branchMap":{},"s":{"0":0,"1":0},"f":{"0":0},"b":{}}
,"/config/workspace/dadz/app/(tabs)/order.tsx": {"path":"/config/workspace/dadz/app/(tabs)/order.tsx","statementMap":{"0":{"start":{"line":13,"column":16},"end":{"line":13,"column":32}},"1":{"start":{"line":15,"column":2},"end":{"line":34,"column":4}}},"fnMap":{"0":{"name":"OrderScreen","decl":{"start":{"line":12,"column":24},"end":{"line":12,"column":35}},"loc":{"start":{"line":12,"column":38},"end":{"line":35,"column":1}},"line":12}},"branchMap":{},"s":{"0":0,"1":0},"f":{"0":0},"b":{}}
,"/config/workspace/dadz/app/(tabs)/profile.tsx": {"path":"/config/workspace/dadz/app/(tabs)/profile.tsx","statementMap":{"0":{"start":{"line":22,"column":38},"end":{"line":22,"column":52}},"1":{"start":{"line":23,"column":16},"end":{"line":23,"column":32}},"2":{"start":{"line":24,"column":26},"end":{"line":24,"column":42}},"3":{"start":{"line":25,"column":17},"end":{"line":25,"column":39}},"4":{"start":{"line":27,"column":2},"end":{"line":34,"column":3}},"5":{"start":{"line":28,"column":4},"end":{"line":33,"column":6}},"6":{"start":{"line":36,"column":2},"end":{"line":53,"column":3}},"7":{"start":{"line":37,"column":4},"end":{"line":52,"column":6}},"8":{"start":{"line":49,"column":25},"end":{"line":49,"column":45}},"9":{"start":{"line":55,"column":20},"end":{"line":62,"column":3}},"10":{"start":{"line":64,"column":2},"end":{"line":162,"column":4}},"11":{"start":{"line":127,"column":12},"end":{"line":146,"column":29}},"12":{"start":{"line":134,"column":18},"end":{"line":140,"column":19}},"13":{"start":{"line":136,"column":20},"end":{"line":136,"column":46}},"14":{"start":{"line":139,"column":20},"end":{"line":139,"column":61}}},"fnMap":{"0":{"name":"ProfileScreen","decl":{"start":{"line":21,"column":24},"end":{"line":21,"column":37}},"loc":{"start":{"line":21,"column":40},"end":{"line":163,"column":1}},"line":21},"1":{"name":"(anonymous_1)","decl":{"start":{"line":49,"column":19},"end":{"line":49,"column":20}},"loc":{"start":{"line":49,"column":25},"end":{"line":49,"column":45}},"line":49},"2":{"name":"(anonymous_2)","decl":{"start":{"line":126,"column":25},"end":{"line":126,"column":26}},"loc":{"start":{"line":127,"column":12},"end":{"line":146,"column":29}},"line":127},"3":{"name":"(anonymous_3)","decl":{"start":{"line":132,"column":25},"end":{"line":132,"column":26}},"loc":{"start":{"line":132,"column":31},"end":{"line":141,"column":17}},"line":132}},"branchMap":{"0":{"loc":{"start":{"line":27,"column":2},"end":{"line":34,"column":3}},"type":"if","locations":[{"start":{"line":27,"column":2},"end":{"line":34,"column":3}},{"start":{},"end":{}}],"line":27},"1":{"loc":{"start":{"line":30,"column":29},"end":{"line":30,"column":70}},"type":"cond-expr","locations":[{"start":{"line":30,"column":38},"end":{"line":30,"column":53}},{"start":{"line":30,"column":56},"end":{"line":30,"column":70}}],"line":30},"2":{"loc":{"start":{"line":36,"column":2},"end":{"line":53,"column":3}},"type":"if","locations":[{"start":{"line":36,"column":2},"end":{"line":53,"column":3}},{"start":{},"end":{}}],"line":36},"3":{"loc":{"start":{"line":39,"column":29},"end":{"line":39,"column":70}},"type":"cond-expr","locations":[{"start":{"line":39,"column":38},"end":{"line":39,"column":53}},{"start":{"line":39,"column":56},"end":{"line":39,"column":70}}],"line":39},"4":{"loc":{"start":{"line":66,"column":27},"end":{"line":66,"column":68}},"type":"cond-expr","locations":[{"start":{"line":66,"column":36},"end":{"line":66,"column":51}},{"start":{"line":66,"column":54},"end":{"line":66,"column":68}}],"line":66},"5":{"loc":{"start":{"line":82,"column":15},"end":{"line":84,"column":35}},"type":"cond-expr","locations":[{"start":{"line":83,"column":18},"end":{"line":83,"column":84}},{"start":{"line":84,"column":18},"end":{"line":84,"column":35}}],"line":82},"6":{"loc":{"start":{"line":82,"column":15},"end":{"line":82,"column":80}},"type":"binary-expr","locations":[{"start":{"line":82,"column":15},"end":{"line":82,"column":46}},{"start":{"line":82,"column":50},"end":{"line":82,"column":80}}],"line":82},"7":{"loc":{"start":{"line":86,"column":66},"end":{"line":86,"column":83}},"type":"binary-expr","locations":[{"start":{"line":86,"column":66},"end":{"line":86,"column":77}},{"start":{"line":86,"column":81},"end":{"line":86,"column":83}}],"line":86},"8":{"loc":{"start":{"line":109,"column":67},"end":{"line":109,"column":97}},"type":"cond-expr","locations":[{"start":{"line":109,"column":76},"end":{"line":109,"column":85}},{"start":{"line":109,"column":88},"end":{"line":109,"column":97}}],"line":109},"9":{"loc":{"start":{"line":134,"column":18},"end":{"line":140,"column":19}},"type":"if","locations":[{"start":{"line":134,"column":18},"end":{"line":140,"column":19}},{"start":{"line":137,"column":25},"end":{"line":140,"column":19}}],"line":134},"10":{"loc":{"start":{"line":143,"column":15},"end":{"line":145,"column":15}},"type":"binary-expr","locations":[{"start":{"line":143,"column":15},"end":{"line":143,"column":43}},{"start":{"line":144,"column":16},"end":{"line":144,"column":75}}],"line":143}},"s":{"0":0,"1":0,"2":0,"3":0,"4":0,"5":0,"6":0,"7":0,"8":0,"9":0,"10":0,"11":0,"12":0,"13":0,"14":0},"f":{"0":0,"1":0,"2":0,"3":0},"b":{"0":[0,0],"1":[0,0],"2":[0,0],"3":[0,0],"4":[0,0],"5":[0,0],"6":[0,0],"7":[0,0],"8":[0,0],"9":[0,0],"10":[0,0]}}
,"/config/workspace/dadz/app/addresses/index.tsx": {"path":"/config/workspace/dadz/app/addresses/index.tsx","statementMap":{"0":{"start":{"line":31,"column":17},"end":{"line":31,"column":28}},"1":{"start":{"line":32,"column":16},"end":{"line":32,"column":32}},"2":{"start":{"line":33,"column":26},"end":{"line":33,"column":42}},"3":{"start":{"line":34,"column":17},"end":{"line":34,"column":39}},"4":{"start":{"line":48,"column":6},"end":{"line":48,"column":20}},"5":{"start":{"line":50,"column":42},"end":{"line":50,"column":57}},"6":{"start":{"line":51,"column":36},"end":{"line":51,"column":73}},"7":{"start":{"line":52,"column":48},"end":{"line":52,"column":78}},"8":{"start":{"line":53,"column":38},"end":{"line":53,"column":53}},"9":{"start":{"line":58,"column":32},"end":{"line":70,"column":3}},"10":{"start":{"line":59,"column":4},"end":{"line":65,"column":5}},"11":{"start":{"line":60,"column":6},"end":{"line":63,"column":8}},"12":{"start":{"line":64,"column":6},"end":{"line":64,"column":13}},"13":{"start":{"line":67,"column":4},"end":{"line":67,"column":27}},"14":{"start":{"line":68,"column":4},"end":{"line":68,"column":29}},"15":{"start":{"line":69,"column":4},"end":{"line":69,"column":26}},"16":{"start":{"line":75,"column":30},"end":{"line":79,"column":3}},"17":{"start":{"line":76,"column":4},"end":{"line":76,"column":25}},"18":{"start":{"line":77,"column":4},"end":{"line":77,"column":32}},"19":{"start":{"line":78,"column":4},"end":{"line":78,"column":26}},"20":{"start":{"line":84,"column":27},"end":{"line":87,"column":3}},"21":{"start":{"line":85,"column":4},"end":{"line":85,"column":27}},"22":{"start":{"line":86,"column":4},"end":{"line":86,"column":29}},"23":{"start":{"line":92,"column":30},"end":{"line":109,"column":3}},"24":{"start":{"line":93,"column":4},"end":{"line":108,"column":5}},"25":{"start":{"line":94,"column":6},"end":{"line":94,"column":32}},"26":{"start":{"line":95,"column":6},"end":{"line":95,"column":25}},"27":{"start":{"line":96,"column":6},"end":{"line":99,"column":8}},"28":{"start":{"line":101,"column":25},"end":{"line":101,"column":60}},"29":{"start":{"line":103,"column":6},"end":{"line":105,"column":7}},"30":{"start":{"line":104,"column":8},"end":{"line":104,"column":65}},"31":{"start":{"line":107,"column":6},"end":{"line":107,"column":51}},"32":{"start":{"line":114,"column":30},"end":{"line":130,"column":3}},"33":{"start":{"line":115,"column":4},"end":{"line":115,"column":33}},"34":{"start":{"line":115,"column":26},"end":{"line":115,"column":33}},"35":{"start":{"line":117,"column":4},"end":{"line":129,"column":5}},"36":{"start":{"line":118,"column":6},"end":{"line":118,"column":52}},"37":{"start":{"line":119,"column":6},"end":{"line":119,"column":25}},"38":{"start":{"line":120,"column":6},"end":{"line":123,"column":8}},"39":{"start":{"line":125,"column":6},"end":{"line":128,"column":8}},"40":{"start":{"line":135,"column":30},"end":{"line":148,"column":3}},"41":{"start":{"line":136,"column":4},"end":{"line":147,"column":5}},"42":{"start":{"line":137,"column":6},"end":{"line":137,"column":38}},"43":{"start":{"line":138,"column":6},"end":{"line":141,"column":8}},"44":{"start":{"line":143,"column":6},"end":{"line":146,"column":8}},"45":{"start":{"line":153,"column":29},"end":{"line":166,"column":3}},"46":{"start":{"line":154,"column":4},"end":{"line":165,"column":5}},"47":{"start":{"line":155,"column":6},"end":{"line":155,"column":37}},"48":{"start":{"line":156,"column":6},"end":{"line":159,"column":8}},"49":{"start":{"line":161,"column":6},"end":{"line":164,"column":8}},"50":{"start":{"line":171,"column":24},"end":{"line":178,"column":3}},"51":{"start":{"line":172,"column":4},"end":{"line":172,"column":24}},"52":{"start":{"line":173,"column":4},"end":{"line":177,"column":5}},"53":{"start":{"line":174,"column":6},"end":{"line":174,"column":29}},"54":{"start":{"line":176,"column":6},"end":{"line":176,"column":27}},"55":{"start":{"line":180,"column":2},"end":{"line":290,"column":4}},"56":{"start":{"line":188,"column":25},"end":{"line":188,"column":38}},"57":{"start":{"line":232,"column":34},"end":{"line":232,"column":41}},"58":{"start":{"line":234,"column":12},"end":{"line":239,"column":14}}},"fnMap":{"0":{"name":"AddressesScreen","decl":{"start":{"line":30,"column":24},"end":{"line":30,"column":39}},"loc":{"start":{"line":30,"column":42},"end":{"line":291,"column":1}},"line":30},"1":{"name":"(anonymous_1)","decl":{"start":{"line":58,"column":32},"end":{"line":58,"column":33}},"loc":{"start":{"line":58,"column":38},"end":{"line":70,"column":3}},"line":58},"2":{"name":"(anonymous_2)","decl":{"start":{"line":75,"column":30},"end":{"line":75,"column":31}},"loc":{"start":{"line":75,"column":52},"end":{"line":79,"column":3}},"line":75},"3":{"name":"(anonymous_3)","decl":{"start":{"line":84,"column":27},"end":{"line":84,"column":28}},"loc":{"start":{"line":84,"column":33},"end":{"line":87,"column":3}},"line":84},"4":{"name":"(anonymous_4)","decl":{"start":{"line":92,"column":30},"end":{"line":92,"column":31}},"loc":{"start":{"line":92,"column":63},"end":{"line":109,"column":3}},"line":92},"5":{"name":"(anonymous_5)","decl":{"start":{"line":114,"column":30},"end":{"line":114,"column":31}},"loc":{"start":{"line":114,"column":63},"end":{"line":130,"column":3}},"line":114},"6":{"name":"(anonymous_6)","decl":{"start":{"line":135,"column":30},"end":{"line":135,"column":31}},"loc":{"start":{"line":135,"column":58},"end":{"line":148,"column":3}},"line":135},"7":{"name":"(anonymous_7)","decl":{"start":{"line":153,"column":29},"end":{"line":153,"column":30}},"loc":{"start":{"line":153,"column":57},"end":{"line":166,"column":3}},"line":153},"8":{"name":"(anonymous_8)","decl":{"start":{"line":171,"column":24},"end":{"line":171,"column":25}},"loc":{"start":{"line":171,"column":36},"end":{"line":178,"column":3}},"line":171},"9":{"name":"(anonymous_9)","decl":{"start":{"line":188,"column":19},"end":{"line":188,"column":20}},"loc":{"start":{"line":188,"column":25},"end":{"line":188,"column":38}},"line":188},"10":{"name":"(anonymous_10)","decl":{"start":{"line":232,"column":24},"end":{"line":232,"column":25}},"loc":{"start":{"line":232,"column":34},"end":{"line":232,"column":41}},"line":232},"11":{"name":"(anonymous_11)","decl":{"start":{"line":233,"column":22},"end":{"line":233,"column":23}},"loc":{"start":{"line":234,"column":12},"end":{"line":239,"column":14}},"line":234}},"branchMap":{"0":{"loc":{"start":{"line":59,"column":4},"end":{"line":65,"column":5}},"type":"if","locations":[{"start":{"line":59,"column":4},"end":{"line":65,"column":5}},{"start":{},"end":{}}],"line":59},"1":{"loc":{"start":{"line":103,"column":6},"end":{"line":105,"column":7}},"type":"if","locations":[{"start":{"line":103,"column":6},"end":{"line":105,"column":7}},{"start":{},"end":{}}],"line":103},"2":{"loc":{"start":{"line":103,"column":10},"end":{"line":103,"column":73}},"type":"binary-expr","locations":[{"start":{"line":103,"column":10},"end":{"line":103,"column":30}},{"start":{"line":103,"column":34},"end":{"line":103,"column":73}}],"line":103},"3":{"loc":{"start":{"line":115,"column":4},"end":{"line":115,"column":33}},"type":"if","locations":[{"start":{"line":115,"column":4},"end":{"line":115,"column":33}},{"start":{},"end":{}}],"line":115},"4":{"loc":{"start":{"line":182,"column":27},"end":{"line":182,"column":68}},"type":"cond-expr","locations":[{"start":{"line":182,"column":36},"end":{"line":182,"column":51}},{"start":{"line":182,"column":54},"end":{"line":182,"column":68}}],"line":182},"5":{"loc":{"start":{"line":194,"column":19},"end":{"line":194,"column":49}},"type":"cond-expr","locations":[{"start":{"line":194,"column":28},"end":{"line":194,"column":37}},{"start":{"line":194,"column":40},"end":{"line":194,"column":49}}],"line":194},"6":{"loc":{"start":{"line":220,"column":7},"end":{"line":250,"column":7}},"type":"cond-expr","locations":[{"start":{"line":221,"column":8},"end":{"line":226,"column":15}},{"start":{"line":227,"column":10},"end":{"line":250,"column":7}}],"line":220},"7":{"loc":{"start":{"line":220,"column":7},"end":{"line":220,"column":40}},"type":"binary-expr","locations":[{"start":{"line":220,"column":7},"end":{"line":220,"column":14}},{"start":{"line":220,"column":18},"end":{"line":220,"column":40}}],"line":220},"8":{"loc":{"start":{"line":227,"column":10},"end":{"line":250,"column":7}},"type":"cond-expr","locations":[{"start":{"line":228,"column":8},"end":{"line":228,"column":66}},{"start":{"line":230,"column":8},"end":{"line":249,"column":10}}],"line":227},"9":{"loc":{"start":{"line":246,"column":25},"end":{"line":246,"column":55}},"type":"cond-expr","locations":[{"start":{"line":246,"column":34},"end":{"line":246,"column":43}},{"start":{"line":246,"column":46},"end":{"line":246,"column":55}}],"line":246},"10":{"loc":{"start":{"line":253,"column":7},"end":{"line":267,"column":7}},"type":"binary-expr","locations":[{"start":{"line":253,"column":7},"end":{"line":253,"column":27}},{"start":{"line":253,"column":31},"end":{"line":253,"column":63}},{"start":{"line":254,"column":8},"end":{"line":266,"column":27}}],"line":253},"11":{"loc":{"start":{"line":278,"column":25},"end":{"line":278,"column":53}},"type":"binary-expr","locations":[{"start":{"line":278,"column":25},"end":{"line":278,"column":40}},{"start":{"line":278,"column":44},"end":{"line":278,"column":53}}],"line":278},"12":{"loc":{"start":{"line":280,"column":14},"end":{"line":282,"column":37}},"type":"cond-expr","locations":[{"start":{"line":281,"column":18},"end":{"line":281,"column":37}},{"start":{"line":282,"column":18},"end":{"line":282,"column":37}}],"line":280}},"s":{"0":0,"1":0,"2":0,"3":0,"4":0,"5":0,"6":0,"7":0,"8":0,"9":0,"10":0,"11":0,"12":0,"13":0,"14":0,"15":0,"16":0,"17":0,"18":0,"19":0,"20":0,"21":0,"22":0,"23":0,"24":0,"25":0,"26":0,"27":0,"28":0,"29":0,"30":0,"31":0,"32":0,"33":0,"34":0,"35":0,"36":0,"37":0,"38":0,"39":0,"40":0,"41":0,"42":0,"43":0,"44":0,"45":0,"46":0,"47":0,"48":0,"49":0,"50":0,"51":0,"52":0,"53":0,"54":0,"55":0,"56":0,"57":0,"58":0},"f":{"0":0,"1":0,"2":0,"3":0,"4":0,"5":0,"6":0,"7":0,"8":0,"9":0,"10":0,"11":0},"b":{"0":[0,0],"1":[0,0],"2":[0,0],"3":[0,0],"4":[0,0],"5":[0,0],"6":[0,0],"7":[0,0],"8":[0,0],"9":[0,0],"10":[0,0,0],"11":[0,0],"12":[0,0]}}
,"/config/workspace/dadz/components/DarkModeToggle.tsx": {"path":"/config/workspace/dadz/components/DarkModeToggle.tsx","statementMap":{"0":{"start":{"line":10,"column":40},"end":{"line":45,"column":1}},"1":{"start":{"line":11,"column":45},"end":{"line":11,"column":68}},"2":{"start":{"line":12,"column":17},"end":{"line":12,"column":39}},"3":{"start":{"line":13,"column":24},"end":{"line":13,"column":80}},"4":{"start":{"line":15,"column":2},"end":{"line":21,"column":15}},"5":{"start":{"line":16,"column":4},"end":{"line":20,"column":15}},"6":{"start":{"line":23,"column":21},"end":{"line":26,"column":4}},"7":{"start":{"line":28,"column":2},"end":{"line":44,"column":4}}},"fnMap":{"0":{"name":"(anonymous_0)","decl":{"start":{"line":10,"column":40},"end":{"line":10,"column":41}},"loc":{"start":{"line":10,"column":46},"end":{"line":45,"column":1}},"line":10},"1":{"name":"(anonymous_1)","decl":{"start":{"line":15,"column":12},"end":{"line":15,"column":13}},"loc":{"start":{"line":15,"column":18},"end":{"line":21,"column":3}},"line":15}},"branchMap":{"0":{"loc":{"start":{"line":13,"column":56},"end":{"line":13,"column":70}},"type":"cond-expr","locations":[{"start":{"line":13,"column":65},"end":{"line":13,"column":66}},{"start":{"line":13,"column":69},"end":{"line":13,"column":70}}],"line":13},"1":{"loc":{"start":{"line":17,"column":15},"end":{"line":17,"column":29}},"type":"cond-expr","locations":[{"start":{"line":17,"column":24},"end":{"line":17,"column":25}},{"start":{"line":17,"column":28},"end":{"line":17,"column":29}}],"line":17},"2":{"loc":{"start":{"line":34,"column":25},"end":{"line":34,"column":55}},"type":"cond-expr","locations":[{"start":{"line":34,"column":34},"end":{"line":34,"column":43}},{"start":{"line":34,"column":46},"end":{"line":34,"column":55}}],"line":34}},"s":{"0":0,"1":0,"2":0,"3":0,"4":0,"5":0,"6":0,"7":0},"f":{"0":0,"1":0},"b":{"0":[0,0],"1":[0,0],"2":[0,0]}}
,"/config/workspace/dadz/components/LanguageSelector.tsx": {"path":"/config/workspace/dadz/components/LanguageSelector.tsx","statementMap":{"0":{"start":{"line":26,"column":65},"end":{"line":74,"column":1}},"1":{"start":{"line":29,"column":39},"end":{"line":29,"column":55}},"2":{"start":{"line":31,"column":31},"end":{"line":35,"column":3}},"3":{"start":{"line":32,"column":4},"end":{"line":34,"column":5}},"4":{"start":{"line":33,"column":6},"end":{"line":33,"column":33}},"5":{"start":{"line":37,"column":2},"end":{"line":73,"column":4}},"6":{"start":{"line":40,"column":23},"end":{"line":40,"column":44}},"7":{"start":{"line":41,"column":25},"end":{"line":41,"column":42}},"8":{"start":{"line":43,"column":8},"end":{"line":70,"column":10}},"9":{"start":{"line":46,"column":27},"end":{"line":46,"column":53}}},"fnMap":{"0":{"name":"(anonymous_0)","decl":{"start":{"line":26,"column":65},"end":{"line":26,"column":66}},"loc":{"start":{"line":28,"column":6},"end":{"line":74,"column":1}},"line":28},"1":{"name":"(anonymous_1)","decl":{"start":{"line":31,"column":31},"end":{"line":31,"column":32}},"loc":{"start":{"line":31,"column":66},"end":{"line":35,"column":3}},"line":31},"2":{"name":"(anonymous_2)","decl":{"start":{"line":39,"column":31},"end":{"line":39,"column":32}},"loc":{"start":{"line":39,"column":41},"end":{"line":71,"column":7}},"line":39},"3":{"name":"(anonymous_3)","decl":{"start":{"line":46,"column":21},"end":{"line":46,"column":22}},"loc":{"start":{"line":46,"column":27},"end":{"line":46,"column":53}},"line":46}},"branchMap":{"0":{"loc":{"start":{"line":27,"column":2},"end":{"line":27,"column":25}},"type":"default-arg","locations":[{"start":{"line":27,"column":23},"end":{"line":27,"column":25}}],"line":27},"1":{"loc":{"start":{"line":32,"column":4},"end":{"line":34,"column":5}},"type":"if","locations":[{"start":{"line":32,"column":4},"end":{"line":34,"column":5}},{"start":{},"end":{}}],"line":32},"2":{"loc":{"start":{"line":50,"column":16},"end":{"line":52,"column":72}},"type":"cond-expr","locations":[{"start":{"line":51,"column":18},"end":{"line":51,"column":45}},{"start":{"line":52,"column":18},"end":{"line":52,"column":72}}],"line":50},"3":{"loc":{"start":{"line":61,"column":18},"end":{"line":63,"column":55}},"type":"cond-expr","locations":[{"start":{"line":62,"column":20},"end":{"line":62,"column":32}},{"start":{"line":63,"column":20},"end":{"line":63,"column":55}}],"line":61}},"s":{"0":0,"1":0,"2":0,"3":0,"4":0,"5":0,"6":0,"7":0,"8":0,"9":0},"f":{"0":0,"1":0,"2":0,"3":0},"b":{"0":[0],"1":[0,0],"2":[0,0],"3":[0,0]}}
,"/config/workspace/dadz/components/PageHeader.tsx": {"path":"/config/workspace/dadz/components/PageHeader.tsx","statementMap":{"0":{"start":{"line":14,"column":53},"end":{"line":31,"column":1}},"1":{"start":{"line":19,"column":2},"end":{"line":30,"column":4}}},"fnMap":{"0":{"name":"(anonymous_0)","decl":{"start":{"line":14,"column":53},"end":{"line":14,"column":54}},"loc":{"start":{"line":18,"column":6},"end":{"line":31,"column":1}},"line":18}},"branchMap":{"0":{"loc":{"start":{"line":17,"column":2},"end":{"line":17,"column":25}},"type":"default-arg","locations":[{"start":{"line":17,"column":23},"end":{"line":17,"column":25}}],"line":17},"1":{"loc":{"start":{"line":25,"column":9},"end":{"line":27,"column":9}},"type":"binary-expr","locations":[{"start":{"line":25,"column":9},"end":{"line":25,"column":17}},{"start":{"line":26,"column":10},"end":{"line":26,"column":72}}],"line":25}},"s":{"0":0,"1":0},"f":{"0":0},"b":{"0":[0],"1":[0,0]}}
,"/config/workspace/dadz/components/SettingsItem.tsx": {"path":"/config/workspace/dadz/components/SettingsItem.tsx","statementMap":{"0":{"start":{"line":20,"column":57},"end":{"line":65,"column":1}},"1":{"start":{"line":28,"column":26},"end":{"line":28,"column":42}},"2":{"start":{"line":29,"column":17},"end":{"line":29,"column":39}},"3":{"start":{"line":30,"column":18},"end":{"line":30,"column":51}},"4":{"start":{"line":31,"column":20},"end":{"line":31,"column":50}},"5":{"start":{"line":33,"column":2},"end":{"line":64,"column":4}}},"fnMap":{"0":{"name":"(anonymous_0)","decl":{"start":{"line":20,"column":57},"end":{"line":20,"column":58}},"loc":{"start":{"line":27,"column":6},"end":{"line":65,"column":1}},"line":27}},"branchMap":{"0":{"loc":{"start":{"line":26,"column":2},"end":{"line":26,"column":20}},"type":"default-arg","locations":[{"start":{"line":26,"column":16},"end":{"line":26,"column":20}}],"line":26},"1":{"loc":{"start":{"line":30,"column":18},"end":{"line":30,"column":51}},"type":"cond-expr","locations":[{"start":{"line":30,"column":28},"end":{"line":30,"column":44}},{"start":{"line":30,"column":47},"end":{"line":30,"column":51}}],"line":30},"2":{"loc":{"start":{"line":31,"column":20},"end":{"line":31,"column":50}},"type":"cond-expr","locations":[{"start":{"line":31,"column":29},"end":{"line":31,"column":38}},{"start":{"line":31,"column":41},"end":{"line":31,"column":50}}],"line":31},"3":{"loc":{"start":{"line":49,"column":11},"end":{"line":53,"column":11}},"type":"binary-expr","locations":[{"start":{"line":49,"column":11},"end":{"line":49,"column":19}},{"start":{"line":50,"column":12},"end":{"line":52,"column":19}}],"line":49},"4":{"loc":{"start":{"line":59,"column":9},"end":{"line":61,"column":10}},"type":"binary-expr","locations":[{"start":{"line":59,"column":9},"end":{"line":59,"column":21}},{"start":{"line":59,"column":26},"end":{"line":59,"column":37}},{"start":{"line":59,"column":41},"end":{"line":59,"column":48}},{"start":{"line":60,"column":10},"end":{"line":60,"column":71}}],"line":59}},"s":{"0":0,"1":0,"2":0,"3":0,"4":0,"5":0},"f":{"0":0},"b":{"0":[0],"1":[0,0],"2":[0,0],"3":[0,0],"4":[0,0,0,0]}}
,"/config/workspace/dadz/components/index.ts": {"path":"/config/workspace/dadz/components/index.ts","statementMap":{},"fnMap":{},"branchMap":{},"s":{},"f":{},"b":{}}
,"/config/workspace/dadz/components/BottomNavigation/BottomNavigation.tsx": {"path":"/config/workspace/dadz/components/BottomNavigation/BottomNavigation.tsx","statementMap":{"0":{"start":{"line":12,"column":58},"end":{"line":52,"column":2}},"1":{"start":{"line":17,"column":25},"end":{"line":19,"column":18}},"2":{"start":{"line":18,"column":4},"end":{"line":18,"column":24}},"3":{"start":{"line":21,"column":2},"end":{"line":51,"column":4}},"4":{"start":{"line":24,"column":25},"end":{"line":24,"column":47}},"5":{"start":{"line":26,"column":8},"end":{"line":48,"column":10}},"6":{"start":{"line":29,"column":27},"end":{"line":29,"column":51}},"7":{"start":{"line":54,"column":0},"end":{"line":54,"column":50}}},"fnMap":{"0":{"name":"(anonymous_0)","decl":{"start":{"line":12,"column":63},"end":{"line":12,"column":64}},"loc":{"start":{"line":16,"column":6},"end":{"line":52,"column":1}},"line":16},"1":{"name":"(anonymous_1)","decl":{"start":{"line":17,"column":37},"end":{"line":17,"column":38}},"loc":{"start":{"line":17,"column":58},"end":{"line":19,"column":3}},"line":17},"2":{"name":"(anonymous_2)","decl":{"start":{"line":23,"column":16},"end":{"line":23,"column":17}},"loc":{"start":{"line":23,"column":25},"end":{"line":49,"column":7}},"line":23},"3":{"name":"(anonymous_3)","decl":{"start":{"line":29,"column":21},"end":{"line":29,"column":22}},"loc":{"start":{"line":29,"column":27},"end":{"line":29,"column":51}},"line":29}},"branchMap":{"0":{"loc":{"start":{"line":36,"column":21},"end":{"line":36,"column":58}},"type":"cond-expr","locations":[{"start":{"line":36,"column":32},"end":{"line":36,"column":40}},{"start":{"line":36,"column":43},"end":{"line":36,"column":58}}],"line":36},"1":{"loc":{"start":{"line":38,"column":21},"end":{"line":38,"column":53}},"type":"cond-expr","locations":[{"start":{"line":38,"column":32},"end":{"line":38,"column":41}},{"start":{"line":38,"column":44},"end":{"line":38,"column":53}}],"line":38},"2":{"loc":{"start":{"line":42,"column":16},"end":{"line":42,"column":81}},"type":"cond-expr","locations":[{"start":{"line":42,"column":27},"end":{"line":42,"column":51}},{"start":{"line":42,"column":54},"end":{"line":42,"column":81}}],"line":42}},"s":{"0":0,"1":0,"2":0,"3":0,"4":0,"5":0,"6":0,"7":0},"f":{"0":0,"1":0,"2":0,"3":0},"b":{"0":[0,0],"1":[0,0],"2":[0,0]}}
,"/config/workspace/dadz/components/BottomNavigation/index.ts": {"path":"/config/workspace/dadz/components/BottomNavigation/index.ts","statementMap":{},"fnMap":{},"branchMap":{},"s":{},"f":{},"b":{}}
,"/config/workspace/dadz/components/CategoryList/CategoryItem.tsx": {"path":"/config/workspace/dadz/components/CategoryList/CategoryItem.tsx","statementMap":{"0":{"start":{"line":18,"column":50},"end":{"line":55,"column":2}},"1":{"start":{"line":22,"column":26},"end":{"line":22,"column":42}},"2":{"start":{"line":23,"column":17},"end":{"line":23,"column":39}},"3":{"start":{"line":25,"column":22},"end":{"line":27,"column":25}},"4":{"start":{"line":26,"column":4},"end":{"line":26,"column":24}},"5":{"start":{"line":30,"column":20},"end":{"line":30,"column":50}},"6":{"start":{"line":32,"column":2},"end":{"line":54,"column":4}},"7":{"start":{"line":57,"column":0},"end":{"line":57,"column":42}}},"fnMap":{"0":{"name":"(anonymous_0)","decl":{"start":{"line":18,"column":55},"end":{"line":18,"column":56}},"loc":{"start":{"line":21,"column":6},"end":{"line":55,"column":1}},"line":21},"1":{"name":"(anonymous_1)","decl":{"start":{"line":25,"column":34},"end":{"line":25,"column":35}},"loc":{"start":{"line":25,"column":40},"end":{"line":27,"column":3}},"line":25}},"branchMap":{"0":{"loc":{"start":{"line":30,"column":20},"end":{"line":30,"column":50}},"type":"cond-expr","locations":[{"start":{"line":30,"column":29},"end":{"line":30,"column":38}},{"start":{"line":30,"column":41},"end":{"line":30,"column":50}}],"line":30}},"s":{"0":0,"1":0,"2":0,"3":0,"4":0,"5":0,"6":0,"7":0},"f":{"0":0,"1":0},"b":{"0":[0,0]}}
,"/config/workspace/dadz/components/CategoryList/CategoryList.tsx": {"path":"/config/workspace/dadz/components/CategoryList/CategoryList.tsx","statementMap":{"0":{"start":{"line":15,"column":50},"end":{"line":40,"column":2}},"1":{"start":{"line":19,"column":30},"end":{"line":21,"column":23}},"2":{"start":{"line":20,"column":4},"end":{"line":20,"column":32}},"3":{"start":{"line":23,"column":2},"end":{"line":39,"column":4}},"4":{"start":{"line":32,"column":8},"end":{"line":36,"column":10}},"5":{"start":{"line":42,"column":0},"end":{"line":42,"column":42}}},"fnMap":{"0":{"name":"(anonymous_0)","decl":{"start":{"line":15,"column":55},"end":{"line":15,"column":56}},"loc":{"start":{"line":18,"column":6},"end":{"line":40,"column":1}},"line":18},"1":{"name":"(anonymous_1)","decl":{"start":{"line":19,"column":42},"end":{"line":19,"column":43}},"loc":{"start":{"line":19,"column":66},"end":{"line":21,"column":3}},"line":19},"2":{"name":"(anonymous_2)","decl":{"start":{"line":31,"column":22},"end":{"line":31,"column":23}},"loc":{"start":{"line":32,"column":8},"end":{"line":36,"column":10}},"line":32}},"branchMap":{},"s":{"0":0,"1":0,"2":0,"3":0,"4":0,"5":0},"f":{"0":0,"1":0,"2":0},"b":{}}
,"/config/workspace/dadz/components/CategoryList/index.ts": {"path":"/config/workspace/dadz/components/CategoryList/index.ts","statementMap":{},"fnMap":{},"branchMap":{},"s":{},"f":{},"b":{}}
,"/config/workspace/dadz/components/FilterDrawer/FilterDrawer.tsx": {"path":"/config/workspace/dadz/components/FilterDrawer/FilterDrawer.tsx","statementMap":{"0":{"start":{"line":22,"column":57},"end":{"line":146,"column":1}},"1":{"start":{"line":29,"column":16},"end":{"line":29,"column":32}},"2":{"start":{"line":30,"column":26},"end":{"line":30,"column":42}},"3":{"start":{"line":31,"column":17},"end":{"line":31,"column":39}},"4":{"start":{"line":32,"column":40},"end":{"line":32,"column":82}},"5":{"start":{"line":35,"column":20},"end":{"line":35,"column":50}},"6":{"start":{"line":36,"column":24},"end":{"line":36,"column":76}},"7":{"start":{"line":39,"column":31},"end":{"line":46,"column":3}},"8":{"start":{"line":40,"column":26},"end":{"line":40,"column":67}},"9":{"start":{"line":41,"column":22},"end":{"line":43,"column":39}},"10":{"start":{"line":42,"column":36},"end":{"line":42,"column":53}},"11":{"start":{"line":45,"column":4},"end":{"line":45,"column":62}},"12":{"start":{"line":49,"column":28},"end":{"line":51,"column":3}},"13":{"start":{"line":50,"column":4},"end":{"line":50,"column":64}},"14":{"start":{"line":54,"column":22},"end":{"line":56,"column":3}},"15":{"start":{"line":55,"column":4},"end":{"line":55,"column":23}},"16":{"start":{"line":59,"column":22},"end":{"line":62,"column":3}},"17":{"start":{"line":60,"column":4},"end":{"line":60,"column":25}},"18":{"start":{"line":61,"column":4},"end":{"line":61,"column":14}},"19":{"start":{"line":64,"column":2},"end":{"line":145,"column":4}},"20":{"start":{"line":90,"column":14},"end":{"line":122,"column":21}},"21":{"start":{"line":99,"column":22},"end":{"line":105,"column":24}},"22":{"start":{"line":103,"column":39},"end":{"line":103,"column":84}},"23":{"start":{"line":112,"column":22},"end":{"line":118,"column":24}},"24":{"start":{"line":116,"column":39},"end":{"line":116,"column":81}}},"fnMap":{"0":{"name":"(anonymous_0)","decl":{"start":{"line":22,"column":57},"end":{"line":22,"column":58}},"loc":{"start":{"line":28,"column":6},"end":{"line":146,"column":1}},"line":28},"1":{"name":"(anonymous_1)","decl":{"start":{"line":39,"column":31},"end":{"line":39,"column":32}},"loc":{"start":{"line":39,"column":74},"end":{"line":46,"column":3}},"line":39},"2":{"name":"(anonymous_2)","decl":{"start":{"line":42,"column":29},"end":{"line":42,"column":30}},"loc":{"start":{"line":42,"column":36},"end":{"line":42,"column":53}},"line":42},"3":{"name":"(anonymous_3)","decl":{"start":{"line":49,"column":28},"end":{"line":49,"column":29}},"loc":{"start":{"line":49,"column":71},"end":{"line":51,"column":3}},"line":49},"4":{"name":"(anonymous_4)","decl":{"start":{"line":54,"column":22},"end":{"line":54,"column":23}},"loc":{"start":{"line":54,"column":28},"end":{"line":56,"column":3}},"line":54},"5":{"name":"(anonymous_5)","decl":{"start":{"line":59,"column":22},"end":{"line":59,"column":23}},"loc":{"start":{"line":59,"column":28},"end":{"line":62,"column":3}},"line":59},"6":{"name":"(anonymous_6)","decl":{"start":{"line":89,"column":25},"end":{"line":89,"column":26}},"loc":{"start":{"line":90,"column":14},"end":{"line":122,"column":21}},"line":90},"7":{"name":"(anonymous_7)","decl":{"start":{"line":98,"column":40},"end":{"line":98,"column":41}},"loc":{"start":{"line":99,"column":22},"end":{"line":105,"column":24}},"line":99},"8":{"name":"(anonymous_8)","decl":{"start":{"line":103,"column":33},"end":{"line":103,"column":34}},"loc":{"start":{"line":103,"column":39},"end":{"line":103,"column":84}},"line":103},"9":{"name":"(anonymous_9)","decl":{"start":{"line":111,"column":40},"end":{"line":111,"column":41}},"loc":{"start":{"line":112,"column":22},"end":{"line":118,"column":24}},"line":112},"10":{"name":"(anonymous_10)","decl":{"start":{"line":116,"column":33},"end":{"line":116,"column":34}},"loc":{"start":{"line":116,"column":39},"end":{"line":116,"column":81}},"line":116}},"branchMap":{"0":{"loc":{"start":{"line":35,"column":20},"end":{"line":35,"column":50}},"type":"cond-expr","locations":[{"start":{"line":35,"column":29},"end":{"line":35,"column":38}},{"start":{"line":35,"column":41},"end":{"line":35,"column":50}}],"line":35},"1":{"loc":{"start":{"line":36,"column":24},"end":{"line":36,"column":76}},"type":"cond-expr","locations":[{"start":{"line":36,"column":33},"end":{"line":36,"column":60}},{"start":{"line":36,"column":63},"end":{"line":36,"column":76}}],"line":36},"2":{"loc":{"start":{"line":40,"column":26},"end":{"line":40,"column":67}},"type":"binary-expr","locations":[{"start":{"line":40,"column":27},"end":{"line":40,"column":60}},{"start":{"line":40,"column":65},"end":{"line":40,"column":67}}],"line":40},"3":{"loc":{"start":{"line":41,"column":22},"end":{"line":43,"column":39}},"type":"cond-expr","locations":[{"start":{"line":42,"column":8},"end":{"line":42,"column":54}},{"start":{"line":43,"column":8},"end":{"line":43,"column":39}}],"line":41},"4":{"loc":{"start":{"line":95,"column":17},"end":{"line":121,"column":17}},"type":"cond-expr","locations":[{"start":{"line":97,"column":18},"end":{"line":107,"column":25}},{"start":{"line":110,"column":18},"end":{"line":120,"column":25}}],"line":95},"5":{"loc":{"start":{"line":102,"column":34},"end":{"line":102,"column":76}},"type":"binary-expr","locations":[{"start":{"line":102,"column":35},"end":{"line":102,"column":69}},{"start":{"line":102,"column":74},"end":{"line":102,"column":76}}],"line":102}},"s":{"0":0,"1":0,"2":0,"3":0,"4":0,"5":0,"6":0,"7":0,"8":0,"9":0,"10":0,"11":0,"12":0,"13":0,"14":0,"15":0,"16":0,"17":0,"18":0,"19":0,"20":0,"21":0,"22":0,"23":0,"24":0},"f":{"0":0,"1":0,"2":0,"3":0,"4":0,"5":0,"6":0,"7":0,"8":0,"9":0,"10":0},"b":{"0":[0,0],"1":[0,0],"2":[0,0],"3":[0,0],"4":[0,0],"5":[0,0]}}
,"/config/workspace/dadz/components/FilterDrawer/index.ts": {"path":"/config/workspace/dadz/components/FilterDrawer/index.ts","statementMap":{},"fnMap":{},"branchMap":{},"s":{},"f":{},"b":{}}
,"/config/workspace/dadz/components/FilterDrawer/types.ts": {"path":"/config/workspace/dadz/components/FilterDrawer/types.ts","statementMap":{},"fnMap":{},"branchMap":{},"s":{},"f":{},"b":{}}
,"/config/workspace/dadz/components/Header/AddressBottomSheet.tsx": {"path":"/config/workspace/dadz/components/Header/AddressBottomSheet.tsx","statementMap":{"0":{"start":{"line":31,"column":62},"end":{"line":309,"column":2}},"1":{"start":{"line":39,"column":23},"end":{"line":39,"column":39}},"2":{"start":{"line":40,"column":26},"end":{"line":40,"column":42}},"3":{"start":{"line":41,"column":17},"end":{"line":41,"column":39}},"4":{"start":{"line":42,"column":17},"end":{"line":42,"column":28}},"5":{"start":{"line":43,"column":68},"end":{"line":43,"column":81}},"6":{"start":{"line":44,"column":42},"end":{"line":44,"column":57}},"7":{"start":{"line":46,"column":32},"end":{"line":49,"column":3}},"8":{"start":{"line":47,"column":4},"end":{"line":47,"column":14}},"9":{"start":{"line":48,"column":4},"end":{"line":48,"column":30}},"10":{"start":{"line":51,"column":30},"end":{"line":54,"column":3}},"11":{"start":{"line":52,"column":4},"end":{"line":52,"column":29}},"12":{"start":{"line":53,"column":4},"end":{"line":53,"column":14}},"13":{"start":{"line":75,"column":35},"end":{"line":127,"column":3}},"14":{"start":{"line":76,"column":4},"end":{"line":76,"column":26}},"15":{"start":{"line":78,"column":4},"end":{"line":126,"column":5}},"16":{"start":{"line":79,"column":28},"end":{"line":79,"column":49}},"17":{"start":{"line":81,"column":6},"end":{"line":104,"column":7}},"18":{"start":{"line":83,"column":42},"end":{"line":94,"column":9}},"19":{"start":{"line":97,"column":8},"end":{"line":97,"column":48}},"20":{"start":{"line":98,"column":8},"end":{"line":98,"column":18}},"21":{"start":{"line":100,"column":8},"end":{"line":103,"column":10}},"22":{"start":{"line":106,"column":6},"end":{"line":106,"column":62}},"23":{"start":{"line":109,"column":25},"end":{"line":109,"column":60}},"24":{"start":{"line":111,"column":6},"end":{"line":118,"column":7}},"25":{"start":{"line":112,"column":8},"end":{"line":117,"column":9}},"26":{"start":{"line":113,"column":10},"end":{"line":114,"column":65}},"27":{"start":{"line":115,"column":15},"end":{"line":117,"column":9}},"28":{"start":{"line":116,"column":10},"end":{"line":116,"column":59}},"29":{"start":{"line":120,"column":6},"end":{"line":123,"column":8}},"30":{"start":{"line":125,"column":6},"end":{"line":125,"column":29}},"31":{"start":{"line":130,"column":25},"end":{"line":141,"column":3}},"32":{"start":{"line":131,"column":4},"end":{"line":140,"column":5}},"33":{"start":{"line":134,"column":8},"end":{"line":134,"column":22}},"34":{"start":{"line":137,"column":8},"end":{"line":137,"column":27}},"35":{"start":{"line":139,"column":8},"end":{"line":139,"column":26}},"36":{"start":{"line":143,"column":2},"end":{"line":308,"column":4}},"37":{"start":{"line":224,"column":40},"end":{"line":224,"column":47}},"38":{"start":{"line":226,"column":37},"end":{"line":226,"column":68}},"39":{"start":{"line":227,"column":18},"end":{"line":282,"column":20}},"40":{"start":{"line":229,"column":37},"end":{"line":229,"column":62}},"41":{"start":{"line":311,"column":0},"end":{"line":311,"column":54}}},"fnMap":{"0":{"name":"(anonymous_0)","decl":{"start":{"line":31,"column":67},"end":{"line":31,"column":68}},"loc":{"start":{"line":38,"column":6},"end":{"line":309,"column":1}},"line":38},"1":{"name":"(anonymous_1)","decl":{"start":{"line":46,"column":32},"end":{"line":46,"column":33}},"loc":{"start":{"line":46,"column":38},"end":{"line":49,"column":3}},"line":46},"2":{"name":"(anonymous_2)","decl":{"start":{"line":51,"column":30},"end":{"line":51,"column":31}},"loc":{"start":{"line":51,"column":52},"end":{"line":54,"column":3}},"line":51},"3":{"name":"(anonymous_3)","decl":{"start":{"line":75,"column":35},"end":{"line":75,"column":36}},"loc":{"start":{"line":75,"column":47},"end":{"line":127,"column":3}},"line":75},"4":{"name":"(anonymous_4)","decl":{"start":{"line":130,"column":25},"end":{"line":130,"column":26}},"loc":{"start":{"line":130,"column":51},"end":{"line":141,"column":3}},"line":130},"5":{"name":"(anonymous_5)","decl":{"start":{"line":224,"column":30},"end":{"line":224,"column":31}},"loc":{"start":{"line":224,"column":40},"end":{"line":224,"column":47}},"line":224},"6":{"name":"(anonymous_6)","decl":{"start":{"line":225,"column":28},"end":{"line":225,"column":29}},"loc":{"start":{"line":225,"column":42},"end":{"line":283,"column":17}},"line":225},"7":{"name":"(anonymous_7)","decl":{"start":{"line":229,"column":31},"end":{"line":229,"column":32}},"loc":{"start":{"line":229,"column":37},"end":{"line":229,"column":62}},"line":229}},"branchMap":{"0":{"loc":{"start":{"line":81,"column":6},"end":{"line":104,"column":7}},"type":"if","locations":[{"start":{"line":81,"column":6},"end":{"line":104,"column":7}},{"start":{"line":99,"column":13},"end":{"line":104,"column":7}}],"line":81},"1":{"loc":{"start":{"line":111,"column":6},"end":{"line":118,"column":7}},"type":"if","locations":[{"start":{"line":111,"column":6},"end":{"line":118,"column":7}},{"start":{},"end":{}}],"line":111},"2":{"loc":{"start":{"line":112,"column":8},"end":{"line":117,"column":9}},"type":"if","locations":[{"start":{"line":112,"column":8},"end":{"line":117,"column":9}},{"start":{"line":115,"column":15},"end":{"line":117,"column":9}}],"line":112},"3":{"loc":{"start":{"line":112,"column":12},"end":{"line":112,"column":84}},"type":"binary-expr","locations":[{"start":{"line":112,"column":12},"end":{"line":112,"column":48}},{"start":{"line":112,"column":52},"end":{"line":112,"column":84}}],"line":112},"4":{"loc":{"start":{"line":115,"column":15},"end":{"line":117,"column":9}},"type":"if","locations":[{"start":{"line":115,"column":15},"end":{"line":117,"column":9}},{"start":{},"end":{}}],"line":115},"5":{"loc":{"start":{"line":115,"column":19},"end":{"line":115,"column":94}},"type":"binary-expr","locations":[{"start":{"line":115,"column":19},"end":{"line":115,"column":56}},{"start":{"line":115,"column":60},"end":{"line":115,"column":94}}],"line":115},"6":{"loc":{"start":{"line":131,"column":4},"end":{"line":140,"column":5}},"type":"switch","locations":[{"start":{"line":132,"column":6},"end":{"line":132,"column":18}},{"start":{"line":133,"column":6},"end":{"line":134,"column":22}},{"start":{"line":135,"column":6},"end":{"line":135,"column":18}},{"start":{"line":136,"column":6},"end":{"line":137,"column":27}},{"start":{"line":138,"column":6},"end":{"line":139,"column":26}}],"line":131},"7":{"loc":{"start":{"line":172,"column":23},"end":{"line":172,"column":53}},"type":"cond-expr","locations":[{"start":{"line":172,"column":32},"end":{"line":172,"column":41}},{"start":{"line":172,"column":44},"end":{"line":172,"column":53}}],"line":172},"8":{"loc":{"start":{"line":184,"column":15},"end":{"line":188,"column":15}},"type":"cond-expr","locations":[{"start":{"line":185,"column":16},"end":{"line":185,"column":66}},{"start":{"line":187,"column":16},"end":{"line":187,"column":70}}],"line":184},"9":{"loc":{"start":{"line":201,"column":11},"end":{"line":304,"column":11}},"type":"cond-expr","locations":[{"start":{"line":202,"column":12},"end":{"line":219,"column":19}},{"start":{"line":221,"column":12},"end":{"line":303,"column":15}}],"line":201},"10":{"loc":{"start":{"line":206,"column":23},"end":{"line":206,"column":53}},"type":"cond-expr","locations":[{"start":{"line":206,"column":32},"end":{"line":206,"column":41}},{"start":{"line":206,"column":44},"end":{"line":206,"column":53}}],"line":206},"11":{"loc":{"start":{"line":231,"column":24},"end":{"line":231,"column":57}},"type":"cond-expr","locations":[{"start":{"line":231,"column":37},"end":{"line":231,"column":52}},{"start":{"line":231,"column":55},"end":{"line":231,"column":57}}],"line":231},"12":{"loc":{"start":{"line":236,"column":26},"end":{"line":236,"column":84}},"type":"cond-expr","locations":[{"start":{"line":236,"column":39},"end":{"line":236,"column":51}},{"start":{"line":236,"column":54},"end":{"line":236,"column":84}}],"line":236},"13":{"loc":{"start":{"line":242,"column":33},"end":{"line":242,"column":88}},"type":"cond-expr","locations":[{"start":{"line":242,"column":46},"end":{"line":242,"column":55}},{"start":{"line":242,"column":58},"end":{"line":242,"column":88}}],"line":242},"14":{"loc":{"start":{"line":242,"column":58},"end":{"line":242,"column":88}},"type":"cond-expr","locations":[{"start":{"line":242,"column":67},"end":{"line":242,"column":76}},{"start":{"line":242,"column":79},"end":{"line":242,"column":88}}],"line":242},"15":{"loc":{"start":{"line":249,"column":30},"end":{"line":251,"column":62}},"type":"cond-expr","locations":[{"start":{"line":250,"column":34},"end":{"line":250,"column":48}},{"start":{"line":251,"column":34},"end":{"line":251,"column":62}}],"line":249},"16":{"loc":{"start":{"line":256,"column":27},"end":{"line":262,"column":27}},"type":"binary-expr","locations":[{"start":{"line":256,"column":27},"end":{"line":256,"column":42}},{"start":{"line":257,"column":28},"end":{"line":261,"column":35}}],"line":256},"17":{"loc":{"start":{"line":263,"column":27},"end":{"line":269,"column":27}},"type":"binary-expr","locations":[{"start":{"line":263,"column":27},"end":{"line":263,"column":54}},{"start":{"line":264,"column":28},"end":{"line":268,"column":35}}],"line":263},"18":{"loc":{"start":{"line":278,"column":23},"end":{"line":280,"column":23}},"type":"binary-expr","locations":[{"start":{"line":278,"column":23},"end":{"line":278,"column":33}},{"start":{"line":279,"column":24},"end":{"line":279,"column":86}}],"line":278},"19":{"loc":{"start":{"line":296,"column":27},"end":{"line":296,"column":57}},"type":"cond-expr","locations":[{"start":{"line":296,"column":36},"end":{"line":296,"column":45}},{"start":{"line":296,"column":48},"end":{"line":296,"column":57}}],"line":296}},"s":{"0":0,"1":0,"2":0,"3":0,"4":0,"5":0,"6":0,"7":0,"8":0,"9":0,"10":0,"11":0,"12":0,"13":0,"14":0,"15":0,"16":0,"17":0,"18":0,"19":0,"20":0,"21":0,"22":0,"23":0,"24":0,"25":0,"26":0,"27":0,"28":0,"29":0,"30":0,"31":0,"32":0,"33":0,"34":0,"35":0,"36":0,"37":0,"38":0,"39":0,"40":0,"41":0},"f":{"0":0,"1":0,"2":0,"3":0,"4":0,"5":0,"6":0,"7":0},"b":{"0":[0,0],"1":[0,0],"2":[0,0],"3":[0,0],"4":[0,0],"5":[0,0],"6":[0,0,0,0,0],"7":[0,0],"8":[0,0],"9":[0,0],"10":[0,0],"11":[0,0],"12":[0,0],"13":[0,0],"14":[0,0],"15":[0,0],"16":[0,0],"17":[0,0],"18":[0,0],"19":[0,0]}}
,"/config/workspace/dadz/components/Header/Header.tsx": {"path":"/config/workspace/dadz/components/Header/Header.tsx","statementMap":{"0":{"start":{"line":23,"column":38},"end":{"line":101,"column":2}},"1":{"start":{"line":31,"column":38},"end":{"line":31,"column":54}},"2":{"start":{"line":32,"column":26},"end":{"line":32,"column":42}},"3":{"start":{"line":33,"column":17},"end":{"line":33,"column":39}},"4":{"start":{"line":36,"column":20},"end":{"line":36,"column":29}},"5":{"start":{"line":37,"column":20},"end":{"line":37,"column":32}},"6":{"start":{"line":39,"column":26},"end":{"line":41,"column":19}},"7":{"start":{"line":40,"column":4},"end":{"line":40,"column":20}},"8":{"start":{"line":43,"column":34},"end":{"line":45,"column":27}},"9":{"start":{"line":44,"column":4},"end":{"line":44,"column":28}},"10":{"start":{"line":47,"column":30},"end":{"line":49,"column":23}},"11":{"start":{"line":48,"column":4},"end":{"line":48,"column":22}},"12":{"start":{"line":51,"column":2},"end":{"line":100,"column":4}},"13":{"start":{"line":103,"column":0},"end":{"line":103,"column":30}}},"fnMap":{"0":{"name":"(anonymous_0)","decl":{"start":{"line":23,"column":43},"end":{"line":23,"column":44}},"loc":{"start":{"line":30,"column":6},"end":{"line":101,"column":1}},"line":30},"1":{"name":"(anonymous_1)","decl":{"start":{"line":39,"column":38},"end":{"line":39,"column":39}},"loc":{"start":{"line":39,"column":44},"end":{"line":41,"column":3}},"line":39},"2":{"name":"(anonymous_2)","decl":{"start":{"line":43,"column":46},"end":{"line":43,"column":47}},"loc":{"start":{"line":43,"column":52},"end":{"line":45,"column":3}},"line":43},"3":{"name":"(anonymous_3)","decl":{"start":{"line":47,"column":42},"end":{"line":47,"column":43}},"loc":{"start":{"line":47,"column":48},"end":{"line":49,"column":3}},"line":47}},"branchMap":{"0":{"loc":{"start":{"line":28,"column":2},"end":{"line":28,"column":24}},"type":"default-arg","locations":[{"start":{"line":28,"column":20},"end":{"line":28,"column":24}}],"line":28},"1":{"loc":{"start":{"line":81,"column":13},"end":{"line":86,"column":13}},"type":"binary-expr","locations":[{"start":{"line":81,"column":13},"end":{"line":81,"column":28}},{"start":{"line":82,"column":14},"end":{"line":85,"column":16}}],"line":81},"2":{"loc":{"start":{"line":84,"column":23},"end":{"line":84,"column":57}},"type":"cond-expr","locations":[{"start":{"line":84,"column":31},"end":{"line":84,"column":42}},{"start":{"line":84,"column":45},"end":{"line":84,"column":57}}],"line":84},"3":{"loc":{"start":{"line":93,"column":28},"end":{"line":93,"column":52}},"type":"cond-expr","locations":[{"start":{"line":93,"column":36},"end":{"line":93,"column":43}},{"start":{"line":93,"column":46},"end":{"line":93,"column":52}}],"line":93}},"s":{"0":0,"1":0,"2":0,"3":0,"4":0,"5":0,"6":0,"7":0,"8":0,"9":0,"10":0,"11":0,"12":0,"13":0},"f":{"0":0,"1":0,"2":0,"3":0},"b":{"0":[0],"1":[0,0],"2":[0,0],"3":[0,0]}}
,"/config/workspace/dadz/components/Header/LocationSelector.tsx": {"path":"/config/workspace/dadz/components/Header/LocationSelector.tsx","statementMap":{"0":{"start":{"line":16,"column":58},"end":{"line":57,"column":2}},"1":{"start":{"line":17,"column":23},"end":{"line":17,"column":39}},"2":{"start":{"line":20,"column":22},"end":{"line":22,"column":33}},"3":{"start":{"line":24,"column":2},"end":{"line":56,"column":4}},"4":{"start":{"line":59,"column":0},"end":{"line":59,"column":50}}},"fnMap":{"0":{"name":"(anonymous_0)","decl":{"start":{"line":16,"column":63},"end":{"line":16,"column":64}},"loc":{"start":{"line":16,"column":89},"end":{"line":57,"column":1}},"line":16}},"branchMap":{"0":{"loc":{"start":{"line":20,"column":22},"end":{"line":22,"column":33}},"type":"cond-expr","locations":[{"start":{"line":21,"column":6},"end":{"line":21,"column":51}},{"start":{"line":22,"column":6},"end":{"line":22,"column":33}}],"line":20},"1":{"loc":{"start":{"line":36,"column":30},"end":{"line":36,"column":54}},"type":"cond-expr","locations":[{"start":{"line":36,"column":38},"end":{"line":36,"column":45}},{"start":{"line":36,"column":48},"end":{"line":36,"column":54}}],"line":36},"2":{"loc":{"start":{"line":43,"column":32},"end":{"line":43,"column":56}},"type":"cond-expr","locations":[{"start":{"line":43,"column":40},"end":{"line":43,"column":47}},{"start":{"line":43,"column":50},"end":{"line":43,"column":56}}],"line":43}},"s":{"0":0,"1":0,"2":0,"3":0,"4":0},"f":{"0":0},"b":{"0":[0,0],"1":[0,0],"2":[0,0]}}
,"/config/workspace/dadz/components/Header/index.ts": {"path":"/config/workspace/dadz/components/Header/index.ts","statementMap":{},"fnMap":{},"branchMap":{},"s":{},"f":{},"b":{}}
,"/config/workspace/dadz/components/PromoCard/PromoCard.tsx": {"path":"/config/workspace/dadz/components/PromoCard/PromoCard.tsx","statementMap":{"0":{"start":{"line":17,"column":44},"end":{"line":60,"column":2}},"1":{"start":{"line":24,"column":26},"end":{"line":24,"column":42}},"2":{"start":{"line":25,"column":17},"end":{"line":25,"column":39}},"3":{"start":{"line":27,"column":22},"end":{"line":29,"column":15}},"4":{"start":{"line":28,"column":4},"end":{"line":28,"column":16}},"5":{"start":{"line":32,"column":19},"end":{"line":32,"column":58}},"6":{"start":{"line":33,"column":26},"end":{"line":33,"column":38}},"7":{"start":{"line":35,"column":2},"end":{"line":59,"column":4}},"8":{"start":{"line":62,"column":0},"end":{"line":62,"column":36}}},"fnMap":{"0":{"name":"(anonymous_0)","decl":{"start":{"line":17,"column":49},"end":{"line":17,"column":50}},"loc":{"start":{"line":23,"column":6},"end":{"line":60,"column":1}},"line":23},"1":{"name":"(anonymous_1)","decl":{"start":{"line":27,"column":34},"end":{"line":27,"column":35}},"loc":{"start":{"line":27,"column":40},"end":{"line":29,"column":3}},"line":27}},"branchMap":{"0":{"loc":{"start":{"line":32,"column":19},"end":{"line":32,"column":58}},"type":"cond-expr","locations":[{"start":{"line":32,"column":28},"end":{"line":32,"column":45}},{"start":{"line":32,"column":48},"end":{"line":32,"column":58}}],"line":32}},"s":{"0":0,"1":0,"2":0,"3":0,"4":0,"5":0,"6":0,"7":0,"8":0},"f":{"0":0,"1":0},"b":{"0":[0,0]}}
,"/config/workspace/dadz/components/PromoCard/index.ts": {"path":"/config/workspace/dadz/components/PromoCard/index.ts","statementMap":{},"fnMap":{},"branchMap":{},"s":{},"f":{},"b":{}}
,"/config/workspace/dadz/components/RestaurantCard/RestaurantCard.tsx": {"path":"/config/workspace/dadz/components/RestaurantCard/RestaurantCard.tsx","statementMap":{"0":{"start":{"line":20,"column":54},"end":{"line":92,"column":2}},"1":{"start":{"line":26,"column":16},"end":{"line":26,"column":32}},"2":{"start":{"line":27,"column":26},"end":{"line":27,"column":42}},"3":{"start":{"line":28,"column":17},"end":{"line":28,"column":39}},"4":{"start":{"line":31,"column":26},"end":{"line":31,"column":71}},"5":{"start":{"line":33,"column":30},"end":{"line":35,"column":39}},"6":{"start":{"line":34,"column":4},"end":{"line":34,"column":36}},"7":{"start":{"line":37,"column":26},"end":{"line":39,"column":27}},"8":{"start":{"line":38,"column":4},"end":{"line":38,"column":26}},"9":{"start":{"line":41,"column":2},"end":{"line":83,"column":4}},"10":{"start":{"line":86,"column":2},"end":{"line":91,"column":4}},"11":{"start":{"line":94,"column":0},"end":{"line":94,"column":46}}},"fnMap":{"0":{"name":"(anonymous_0)","decl":{"start":{"line":20,"column":59},"end":{"line":20,"column":60}},"loc":{"start":{"line":25,"column":6},"end":{"line":84,"column":1}},"line":25},"1":{"name":"(anonymous_1)","decl":{"start":{"line":33,"column":42},"end":{"line":33,"column":43}},"loc":{"start":{"line":33,"column":48},"end":{"line":35,"column":3}},"line":33},"2":{"name":"(anonymous_2)","decl":{"start":{"line":37,"column":38},"end":{"line":37,"column":39}},"loc":{"start":{"line":37,"column":44},"end":{"line":39,"column":3}},"line":37},"3":{"name":"(anonymous_3)","decl":{"start":{"line":84,"column":3},"end":{"line":84,"column":4}},"loc":{"start":{"line":84,"column":29},"end":{"line":92,"column":1}},"line":84}},"branchMap":{"0":{"loc":{"start":{"line":31,"column":26},"end":{"line":31,"column":71}},"type":"cond-expr","locations":[{"start":{"line":31,"column":35},"end":{"line":31,"column":55}},{"start":{"line":31,"column":58},"end":{"line":31,"column":71}}],"line":31},"1":{"loc":{"start":{"line":60,"column":30},"end":{"line":60,"column":123}},"type":"cond-expr","locations":[{"start":{"line":60,"column":43},"end":{"line":60,"column":84}},{"start":{"line":60,"column":87},"end":{"line":60,"column":123}}],"line":60},"2":{"loc":{"start":{"line":64,"column":18},"end":{"line":64,"column":56}},"type":"cond-expr","locations":[{"start":{"line":64,"column":31},"end":{"line":64,"column":38}},{"start":{"line":64,"column":41},"end":{"line":64,"column":56}}],"line":64},"3":{"loc":{"start":{"line":66,"column":19},"end":{"line":66,"column":53}},"type":"cond-expr","locations":[{"start":{"line":66,"column":32},"end":{"line":66,"column":41}},{"start":{"line":66,"column":44},"end":{"line":66,"column":53}}],"line":66},"4":{"loc":{"start":{"line":87,"column":4},"end":{"line":90,"column":63}},"type":"binary-expr","locations":[{"start":{"line":87,"column":4},"end":{"line":87,"column":55}},{"start":{"line":88,"column":4},"end":{"line":88,"column":49}},{"start":{"line":89,"column":4},"end":{"line":89,"column":59}},{"start":{"line":90,"column":4},"end":{"line":90,"column":63}}],"line":87}},"s":{"0":0,"1":0,"2":0,"3":0,"4":0,"5":0,"6":0,"7":0,"8":0,"9":0,"10":0
[...]
":313,"column":4},"end":{"line":313,"column":49}},"83":{"start":{"line":320,"column":4},"end":{"line":320,"column":34}},"84":{"start":{"line":325,"column":39},"end":{"line":325,"column":51}},"85":{"start":{"line":327,"column":30},"end":{"line":329,"column":7}}},"fnMap":{"0":{"name":"(anonymous_0)","decl":{"start":{"line":61,"column":4},"end":{"line":61,"column":5}},"loc":{"start":{"line":61,"column":19},"end":{"line":322,"column":5}},"line":61},"1":{"name":"(anonymous_1)","decl":{"start":{"line":67,"column":18},"end":{"line":67,"column":19}},"loc":{"start":{"line":67,"column":44},"end":{"line":79,"column":3}},"line":67},"2":{"name":"(anonymous_2)","decl":{"start":{"line":86,"column":17},"end":{"line":86,"column":18}},"loc":{"start":{"line":86,"column":51},"end":{"line":120,"column":3}},"line":86},"3":{"name":"(anonymous_3)","decl":{"start":{"line":107,"column":10},"end":{"line":107,"column":11}},"loc":{"start":{"line":107,"column":22},"end":{"line":110,"column":7}},"line":107},"4":{"name":"(anonymous_4)","decl":{"start":{"line":125,"column":17},"end":{"line":125,"column":18}},"loc":{"start":{"line":125,"column":63},"end":{"line":155,"column":3}},"line":125},"5":{"name":"(anonymous_5)","decl":{"start":{"line":130,"column":45},"end":{"line":130,"column":46}},"loc":{"start":{"line":130,"column":52},"end":{"line":130,"column":63}},"line":130},"6":{"name":"(anonymous_6)","decl":{"start":{"line":140,"column":10},"end":{"line":140,"column":11}},"loc":{"start":{"line":140,"column":22},"end":{"line":145,"column":7}},"line":140},"7":{"name":"(anonymous_7)","decl":{"start":{"line":141,"column":39},"end":{"line":141,"column":40}},"loc":{"start":{"line":142,"column":10},"end":{"line":142,"column":48}},"line":142},"8":{"name":"(anonymous_8)","decl":{"start":{"line":162,"column":17},"end":{"line":162,"column":18}},"loc":{"start":{"line":162,"column":39},"end":{"line":204,"column":3}},"line":162},"9":{"name":"(anonymous_9)","decl":{"start":{"line":166,"column":51},"end":{"line":166,"column":52}},"loc":{"start":{"line":166,"column":58},"end":{"line":166,"column":69}},"line":166},"10":{"name":"(anonymous_10)","decl":{"start":{"line":176,"column":56},"end":{"line":176,"column":57}},"loc":{"start":{"line":176,"column":63},"end":{"line":176,"column":74}},"line":176},"11":{"name":"(anonymous_11)","decl":{"start":{"line":210,"column":16},"end":{"line":210,"column":17}},"loc":{"start":{"line":210,"column":38},"end":{"line":238,"column":3}},"line":210},"12":{"name":"(anonymous_12)","decl":{"start":{"line":214,"column":43},"end":{"line":214,"column":44}},"loc":{"start":{"line":214,"column":50},"end":{"line":214,"column":61}},"line":214},"13":{"name":"(anonymous_13)","decl":{"start":{"line":224,"column":10},"end":{"line":224,"column":11}},"loc":{"start":{"line":224,"column":22},"end":{"line":230,"column":7}},"line":224},"14":{"name":"(anonymous_14)","decl":{"start":{"line":225,"column":39},"end":{"line":225,"column":40}},"loc":{"start":{"line":225,"column":50},"end":{"line":228,"column":9}},"line":225},"15":{"name":"(anonymous_15)","decl":{"start":{"line":243,"column":17},"end":{"line":243,"column":18}},"loc":{"start":{"line":243,"column":46},"end":{"line":245,"column":3}},"line":243},"16":{"name":"(anonymous_16)","decl":{"start":{"line":251,"column":21},"end":{"line":251,"column":22}},"loc":{"start":{"line":251,"column":50},"end":{"line":253,"column":3}},"line":251},"17":{"name":"(anonymous_17)","decl":{"start":{"line":259,"column":23},"end":{"line":259,"column":24}},"loc":{"start":{"line":259,"column":52},"end":{"line":261,"column":3}},"line":259},"18":{"name":"(anonymous_18)","decl":{"start":{"line":266,"column":14},"end":{"line":266,"column":15}},"loc":{"start":{"line":266,"column":20},"end":{"line":268,"column":3}},"line":266},"19":{"name":"(anonymous_19)","decl":{"start":{"line":273,"column":9},"end":{"line":273,"column":10}},"loc":{"start":{"line":273,"column":15},"end":{"line":275,"column":3}},"line":273},"20":{"name":"(anonymous_20)","decl":{"start":{"line":280,"column":21},"end":{"line":280,"column":22}},"loc":{"start":{"line":280,"column":27},"end":{"line":282,"column":3}},"line":280},"21":{"name":"(anonymous_21)","decl":{"start":{"line":288,"column":21},"end":{"line":288,"column":22}},"loc":{"start":{"line":288,"column":27},"end":{"line":307,"column":3}},"line":288},"22":{"name":"(anonymous_22)","decl":{"start":{"line":300,"column":8},"end":{"line":300,"column":9}},"loc":{"start":{"line":300,"column":18},"end":{"line":300,"column":54}},"line":300},"23":{"name":"(anonymous_23)","decl":{"start":{"line":312,"column":17},"end":{"line":312,"column":18}},"loc":{"start":{"line":312,"column":23},"end":{"line":314,"column":3}},"line":312},"24":{"name":"(anonymous_24)","decl":{"start":{"line":319,"column":19},"end":{"line":319,"column":20}},"loc":{"start":{"line":319,"column":25},"end":{"line":321,"column":3}},"line":319},"25":{"name":"(anonymous_25)","decl":{"start":{"line":325,"column":33},"end":{"line":325,"column":34}},"loc":{"start":{"line":325,"column":39},"end":{"line":325,"column":51}},"line":325},"26":{"name":"(anonymous_26)","decl":{"start":{"line":327,"column":18},"end":{"line":327,"column":19}},"loc":{"start":{"line":327,"column":30},"end":{"line":329,"column":7}},"line":327}},"branchMap":{"0":{"loc":{"start":{"line":74,"column":15},"end":{"line":74,"column":69}},"type":"cond-expr","locations":[{"start":{"line":74,"column":40},"end":{"line":74,"column":53}},{"start":{"line":74,"column":56},"end":{"line":74,"column":69}}],"line":74},"1":{"loc":{"start":{"line":90,"column":4},"end":{"line":94,"column":5}},"type":"if","locations":[{"start":{"line":90,"column":4},"end":{"line":94,"column":5}},{"start":{},"end":{}}],"line":90},"2":{"loc":{"start":{"line":99,"column":6},"end":{"line":101,"column":7}},"type":"if","locations":[{"start":{"line":99,"column":6},"end":{"line":101,"column":7}},{"start":{},"end":{}}],"line":99},"3":{"loc":{"start":{"line":115,"column":15},"end":{"line":115,"column":70}},"type":"cond-expr","locations":[{"start":{"line":115,"column":40},"end":{"line":115,"column":53}},{"start":{"line":115,"column":56},"end":{"line":115,"column":70}}],"line":115},"4":{"loc":{"start":{"line":129,"column":6},"end":{"line":134,"column":7}},"type":"if","locations":[{"start":{"line":129,"column":6},"end":{"line":134,"column":7}},{"start":{},"end":{}}],"line":129},"5":{"loc":{"start":{"line":131,"column":8},"end":{"line":133,"column":9}},"type":"if","locations":[{"start":{"line":131,"column":8},"end":{"line":133,"column":9}},{"start":{},"end":{}}],"line":131},"6":{"loc":{"start":{"line":142,"column":10},"end":{"line":142,"column":48}},"type":"cond-expr","locations":[{"start":{"line":142,"column":27},"end":{"line":142,"column":41}},{"start":{"line":142,"column":44},"end":{"line":142,"column":48}}],"line":142},"7":{"loc":{"start":{"line":150,"column":15},"end":{"line":150,"column":70}},"type":"cond-expr","locations":[{"start":{"line":150,"column":40},"end":{"line":150,"column":53}},{"start":{"line":150,"column":56},"end":{"line":150,"column":70}}],"line":150},"8":{"loc":{"start":{"line":168,"column":6},"end":{"line":170,"column":7}},"type":"if","locations":[{"start":{"line":168,"column":6},"end":{"line":170,"column":7}},{"start":{},"end":{}}],"line":168},"9":{"loc":{"start":{"line":179,"column":6},"end":{"line":188,"column":7}},"type":"if","locations":[{"start":{"line":179,"column":6},"end":{"line":188,"column":7}},{"start":{},"end":{}}],"line":179},"10":{"loc":{"start":{"line":179,"column":10},"end":{"line":179,"column":69}},"type":"binary-expr","locations":[{"start":{"line":179,"column":10},"end":{"line":179,"column":36}},{"start":{"line":179,"column":40},"end":{"line":179,"column":69}}],"line":179},"11":{"loc":{"start":{"line":195,"column":10},"end":{"line":195,"column":73}},"type":"cond-expr","locations":[{"start":{"line":195,"column":45},"end":{"line":195,"column":49}},{"start":{"line":195,"column":52},"end":{"line":195,"column":73}}],"line":195},"12":{"loc":{"start":{"line":199,"column":15},"end":{"line":199,"column":70}},"type":"cond-expr","locations":[{"start":{"line":199,"column":40},"end":{"line":199,"column":53}},{"start":{"line":199,"column":56},"end":{"line":199,"column":70}}],"line":199},"13":{"loc":{"start":{"line":216,"column":6},"end":{"line":218,"column":7}},"type":"if","locations":[{"start":{"line":216,"column":6},"end":{"line":218,"column":7}},{"start":{},"end":{}}],"line":216},"14":{"loc":{"start":{"line":233,"column":15},"end":{"line":233,"column":75}},"type":"cond-expr","locations":[{"start":{"line":233,"column":40},"end":{"line":233,"column":53}},{"start":{"line":233,"column":56},"end":{"line":233,"column":75}}],"line":233},"15":{"loc":{"start":{"line":292,"column":4},"end":{"line":294,"column":5}},"type":"if","locations":[{"start":{"line":292,"column":4},"end":{"line":294,"column":5}},{"start":{},"end":{}}],"line":292},"16":{"loc":{"start":{"line":297,"column":4},"end":{"line":303,"column":5}},"type":"if","locations":[{"start":{"line":297,"column":4},"end":{"line":303,"column":5}},{"start":{},"end":{}}],"line":297},"17":{"loc":{"start":{"line":302,"column":6},"end":{"line":302,"column":46}},"type":"if","locations":[{"start":{"line":302,"column":6},"end":{"line":302,"column":46}},{"start":{},"end":{}}],"line":302}},"s":{"0":1,"1":1,"2":1,"3":0,"4":0,"5":0,"6":0,"7":0,"8":0,"9":0,"10":0,"11":0,"12":0,"13":0,"14":0,"15":0,"16":0,"17":0,"18":0,"19":0,"20":0,"21":0,"22":0,"23":0,"24":0,"25":0,"26":0,"27":0,"28":0,"29":0,"30":0,"31":0,"32":0,"33":0,"34":0,"35":0,"36":0,"37":0,"38":0,"39":0,"40":0,"41":0,"42":0,"43":0,"44":0,"45":0,"46":0,"47":0,"48":0,"49":0,"50":0,"51":0,"52":0,"53":0,"54":0,"55":0,"56":0,"57":0,"58":0,"59":0,"60":0,"61":0,"62":0,"63":0,"64":0,"65":0,"66":0,"67":0,"68":0,"69":0,"70":0,"71":0,"72":0,"73":0,"74":0,"75":0,"76":0,"77":0,"78":0,"79":0,"80":0,"81":0,"82":0,"83":0,"84":1,"85":0},"f":{"0":1,"1":0,"2":0,"3":0,"4":0,"5":0,"6":0,"7":0,"8":0,"9":0,"10":0,"11":0,"12":0,"13":0,"14":0,"15":0,"16":0,"17":0,"18":0,"19":0,"20":0,"21":0,"22":0,"23":0,"24":0,"25":1,"26":0},"b":{"0":[0,0],"1":[0,0],"2":[0,0],"3":[0,0],"4":[0,0],"5":[0,0],"6":[0,0],"7":[0,0],"8":[0,0],"9":[0,0],"10":[0,0],"11":[0,0],"12":[0,0],"13":[0,0],"14":[0,0],"15":[0,0],"16":[0,0],"17":[0,0]},"_coverageSchema":"1a1c01bbd47fc00a2c39e90264f33305004495a9","hash":"2768771f5329274e27260e99c712f8aa326c581e"}
,"/config/workspace/dadz/lib/types/supabase.ts": {"path":"/config/workspace/dadz/lib/types/supabase.ts","statementMap":{"0":{"start":{"line":643,"column":25},"end":{"line":649,"column":10}}},"fnMap":{},"branchMap":{},"s":{"0":0},"f":{},"b":{}}
,"/config/workspace/dadz/lib/utils/addressHelpers.ts": {"path":"/config/workspace/dadz/lib/utils/addressHelpers.ts","statementMap":{"0":{"start":{"line":6,"column":29},"end":{"line":6,"column":30}},"1":{"start":{"line":11,"column":29},"end":{"line":11,"column":63}},"2":{"start":{"line":19,"column":29},"end":{"line":21,"column":1}},"3":{"start":{"line":20,"column":2},"end":{"line":20,"column":38}},"4":{"start":{"line":28,"column":36},"end":{"line":30,"column":1}},"5":{"start":{"line":29,"column":2},"end":{"line":29,"column":89}},"6":{"start":{"line":37,"column":38},"end":{"line":43,"column":1}},"7":{"start":{"line":38,"column":2},"end":{"line":42,"column":4}},"8":{"start":{"line":50,"column":33},"end":{"line":52,"column":1}},"9":{"start":{"line":51,"column":2},"end":{"line":51,"column":59}},"10":{"start":{"line":51,"column":34},"end":{"line":51,"column":49}},"11":{"start":{"line":59,"column":29},"end":{"line":70,"column":1}},"12":{"start":{"line":60,"column":2},"end":{"line":69,"column":5}},"13":{"start":{"line":62,"column":4},"end":{"line":62,"column":49}},"14":{"start":{"line":62,"column":39},"end":{"line":62,"column":49}},"15":{"start":{"line":63,"column":4},"end":{"line":63,"column":48}},"16":{"start":{"line":63,"column":39},"end":{"line":63,"column":48}},"17":{"start":{"line":66,"column":18},"end":{"line":66,"column":55}},"18":{"start":{"line":67,"column":18},"end":{"line":67,"column":55}},"19":{"start":{"line":68,"column":4},"end":{"line":68,"column":25}},"20":{"start":{"line":77,"column":30},"end":{"line":85,"column":1}},"21":{"start":{"line":78,"column":2},"end":{"line":84,"column":4}},"22":{"start":{"line":92,"column":40},"end":{"line":103,"column":1}},"23":{"start":{"line":93,"column":2},"end":{"line":102,"column":3}},"24":{"start":{"line":95,"column":6},"end":{"line":95,"column":80}},"25":{"start":{"line":97,"column":6},"end":{"line":97,"column":88}},"26":{"start":{"line":99,"column":6},"end":{"line":99,"column":77}},"27":{"start":{"line":101,"column":6},"end":{"line":101,"column":77}},"28":{"start":{"line":110,"column":34},"end":{"line":121,"column":1}},"29":{"start":{"line":111,"column":2},"end":{"line":120,"column":3}},"30":{"start":{"line":113,"column":6},"end":{"line":113,"column":20}},"31":{"start":{"line":115,"column":6},"end":{"line":115,"column":25}},"32":{"start":{"line":117,"column":6},"end":{"line":117,"column":24}},"33":{"start":{"line":119,"column":6},"end":{"line":119,"column":24}},"34":{"start":{"line":129,"column":33},"end":{"line":140,"column":1}},"35":{"start":{"line":133,"column":2},"end":{"line":139,"column":4}},"36":{"start":{"line":147,"column":33},"end":{"line":149,"column":1}},"37":{"start":{"line":148,"column":2},"end":{"line":148,"column":51}}},"fnMap":{"0":{"name":"(anonymous_0)","decl":{"start":{"line":19,"column":29},"end":{"line":19,"column":30}},"loc":{"start":{"line":19,"column":64},"end":{"line":21,"column":1}},"line":19},"1":{"name":"(anonymous_1)","decl":{"start":{"line":28,"column":36},"end":{"line":28,"column":37}},"loc":{"start":{"line":28,"column":66},"end":{"line":30,"column":1}},"line":28},"2":{"name":"(anonymous_2)","decl":{"start":{"line":37,"column":38},"end":{"line":37,"column":39}},"loc":{"start":{"line":37,"column":70},"end":{"line":43,"column":1}},"line":37},"3":{"name":"(anonymous_3)","decl":{"start":{"line":50,"column":33},"end":{"line":50,"column":34}},"loc":{"start":{"line":50,"column":75},"end":{"line":52,"column":1}},"line":50},"4":{"name":"(anonymous_4)","decl":{"start":{"line":51,"column":24},"end":{"line":51,"column":25}},"loc":{"start":{"line":51,"column":34},"end":{"line":51,"column":49}},"line":51},"5":{"name":"(anonymous_5)","decl":{"start":{"line":59,"column":29},"end":{"line":59,"column":30}},"loc":{"start":{"line":59,"column":66},"end":{"line":70,"column":1}},"line":59},"6":{"name":"(anonymous_6)","decl":{"start":{"line":60,"column":29},"end":{"line":60,"column":30}},"loc":{"start":{"line":60,"column":39},"end":{"line":69,"column":3}},"line":60},"7":{"name":"(anonymous_7)","decl":{"start":{"line":77,"column":30},"end":{"line":77,"column":31}},"loc":{"start":{"line":77,"column":70},"end":{"line":85,"column":1}},"line":77},"8":{"name":"(anonymous_8)","decl":{"start":{"line":92,"column":40},"end":{"line":92,"column":41}},"loc":{"start":{"line":92,"column":71},"end":{"line":103,"column":1}},"line":92},"9":{"name":"(anonymous_9)","decl":{"start":{"line":110,"column":34},"end":{"line":110,"column":35}},"loc":{"start":{"line":110,"column":65},"end":{"line":121,"column":1}},"line":110},"10":{"name":"(anonymous_10)","decl":{"start":{"line":129,"column":33},"end":{"line":129,"column":34}},"loc":{"start":{"line":132,"column":14},"end":{"line":140,"column":1}},"line":132},"11":{"name":"(anonymous_11)","decl":{"start":{"line":147,"column":33},"end":{"line":147,"column":34}},"loc":{"start":{"line":147,"column":67},"end":{"line":149,"column":1}},"line":147}},"branchMap":{"0":{"loc":{"start":{"line":51,"column":9},"end":{"line":51,"column":58}},"type":"binary-expr","locations":[{"start":{"line":51,"column":9},"end":{"line":51,"column":50}},{"start":{"line":51,"column":54},"end":{"line":51,"column":58}}],"line":51},"1":{"loc":{"start":{"line":62,"column":4},"end":{"line":62,"column":49}},"type":"if","locations":[{"start":{"line":62,"column":4},"end":{"line":62,"column":49}},{"start":{},"end":{}}],"line":62},"2":{"loc":{"start":{"line":62,"column":8},"end":{"line":62,"column":37}},"type":"binary-expr","locations":[{"start":{"line":62,"column":8},"end":{"line":62,"column":20}},{"start":{"line":62,"column":24},"end":{"line":62,"column":37}}],"line":62},"3":{"loc":{"start":{"line":63,"column":4},"end":{"line":63,"column":48}},"type":"if","locations":[{"start":{"line":63,"column":4},"end":{"line":63,"column":48}},{"start":{},"end":{}}],"line":63},"4":{"loc":{"start":{"line":63,"column":8},"end":{"line":63,"column":37}},"type":"binary-expr","locations":[{"start":{"line":63,"column":8},"end":{"line":63,"column":21}},{"start":{"line":63,"column":25},"end":{"line":63,"column":37}}],"line":63},"5":{"loc":{"start":{"line":66,"column":27},"end":{"line":66,"column":44}},"type":"binary-expr","locations":[{"start":{"line":66,"column":27},"end":{"line":66,"column":39}},{"start":{"line":66,"column":43},"end":{"line":66,"column":44}}],"line":66},"6":{"loc":{"start":{"line":67,"column":27},"end":{"line":67,"column":44}},"type":"binary-expr","locations":[{"start":{"line":67,"column":27},"end":{"line":67,"column":39}},{"start":{"line":67,"column":43},"end":{"line":67,"column":44}}],"line":67},"7":{"loc":{"start":{"line":79,"column":4},"end":{"line":83,"column":24}},"type":"binary-expr","locations":[{"start":{"line":79,"column":4},"end":{"line":79,"column":18}},{"start":{"line":80,"column":4},"end":{"line":80,"column":16}},{"start":{"line":81,"column":4},"end":{"line":81,"column":23}},{"start":{"line":82,"column":4},"end":{"line":82,"column":19}},{"start":{"line":83,"column":4},"end":{"line":83,"column":24}}],"line":79},"8":{"loc":{"start":{"line":93,"column":2},"end":{"line":102,"column":3}},"type":"switch","locations":[{"start":{"line":94,"column":4},"end":{"line":95,"column":80}},{"start":{"line":96,"column":4},"end":{"line":97,"column":88}},{"start":{"line":98,"column":4},"end":{"line":99,"column":77}},{"start":{"line":100,"column":4},"end":{"line":101,"column":77}}],"line":93},"9":{"loc":{"start":{"line":111,"column":2},"end":{"line":120,"column":3}},"type":"switch","locations":[{"start":{"line":112,"column":4},"end":{"line":113,"column":20}},{"start":{"line":114,"column":4},"end":{"line":115,"column":25}},{"start":{"line":116,"column":4},"end":{"line":117,"column":24}},{"start":{"line":118,"column":4},"end":{"line":119,"column":24}}],"line":111},"10":{"loc":{"start":{"line":134,"column":4},"end":{"line":138,"column":45}},"type":"binary-expr","locations":[{"start":{"line":134,"column":4},"end":{"line":134,"column":33}},{"start":{"line":135,"column":4},"end":{"line":135,"column":29}},{"start":{"line":136,"column":4},"end":{"line":136,"column":43}},{"start":{"line":137,"column":4},"end":{"line":137,"column":35}},{"start":{"line":138,"column":4},"end":{"line":138,"column":45}}],"line":134}},"s":{"0":1,"1":1,"2":1,"3":0,"4":1,"5":0,"6":1,"7":0,"8":1,"9":0,"10":0,"11":1,"12":0,"13":0,"14":0,"15":0,"16":0,"17":0,"18":0,"19":0,"20":1,"21":0,"22":1,"23":0,"24":0,"25":0,"26":0,"27":0,"28":1,"29":0,"30":0,"31":0,"32":0,"33":0,"34":1,"35":0,"36":1,"37":0},"f":{"0":0,"1":0,"2":0,"3":0,"4":0,"5":0,"6":0,"7":0,"8":0,"9":0,"10":0,"11":0},"b":{"0":[0,0],"1":[0,0],"2":[0,0],"3":[0,0],"4":[0,0],"5":[0,0],"6":[0,0],"7":[0,0,0,0,0],"8":[0,0,0,0],"9":[0,0,0,0],"10":[0,0,0,0,0]},"_coverageSchema":"1a1c01bbd47fc00a2c39e90264f33305004495a9","hash":"5c5c44d9da24359327d834e37bb4dccbfa00f4e1"}
,"/config/workspace/dadz/lib/validations/addressSchema.ts": {"path":"/config/workspace/dadz/lib/validations/addressSchema.ts","statementMap":{"0":{"start":{"line":7,"column":29},"end":{"line":36,"column":2}},"1":{"start":{"line":32,"column":21},"end":{"line":32,"column":76}},"2":{"start":{"line":48,"column":35},"end":{"line":48,"column":58}}},"fnMap":{"0":{"name":"(anonymous_0)","decl":{"start":{"line":32,"column":14},"end":{"line":32,"column":15}},"loc":{"start":{"line":32,"column":21},"end":{"line":32,"column":76}},"line":32}},"branchMap":{},"s":{"0":0,"1":0,"2":0},"f":{"0":0},"b":{}}
}
