TN:
SF:app/_layout.tsx
FN:13,RTLWrapper
FN:23,RootLayout
FNF:2
FNH:0
FNDA:0,RTLWrapper
FNDA:0,RootLayout
DA:14,0
DA:16,0
DA:24,0
LF:3
LH:0
BRDA:17,0,0,0
BRDA:17,0,1,0
BRF:2
BRH:0
end_of_record
TN:
SF:app/index.tsx
FN:3,Index
FNF:1
FNH:0
FNDA:0,Index
DA:4,0
LF:1
LH:0
BRF:0
BRH:0
end_of_record
TN:
SF:app/sign.tsx
FN:20,(anonymous_0)
FN:42,(anonymous_1)
FN:56,(anonymous_2)
FN:67,(anonymous_3)
FN:93,(anonymous_4)
FN:94,(anonymous_5)
FN:126,(anonymous_6)
FN:129,(anonymous_7)
FN:133,(anonymous_8)
FN:171,(anonymous_9)
FN:196,(anonymous_10)
FN:210,(anonymous_11)
FN:219,(anonymous_12)
FN:248,(anonymous_13)
FN:259,(anonymous_14)
FN:277,(anonymous_15)
FN:325,(anonymous_16)
FN:337,(anonymous_17)
FN:354,(anonymous_18)
FN:371,(anonymous_19)
FN:389,(anonymous_20)
FN:406,(anonymous_21)
FN:440,(anonymous_22)
FNF:23
FNH:0
FNDA:0,(anonymous_0)
FNDA:0,(anonymous_1)
FNDA:0,(anonymous_2)
FNDA:0,(anonymous_3)
FNDA:0,(anonymous_4)
FNDA:0,(anonymous_5)
FNDA:0,(anonymous_6)
FNDA:0,(anonymous_7)
FNDA:0,(anonymous_8)
FNDA:0,(anonymous_9)
FNDA:0,(anonymous_10)
FNDA:0,(anonymous_11)
FNDA:0,(anonymous_12)
FNDA:0,(anonymous_13)
FNDA:0,(anonymous_14)
FNDA:0,(anonymous_15)
FNDA:0,(anonymous_16)
FNDA:0,(anonymous_17)
FNDA:0,(anonymous_18)
FNDA:0,(anonymous_19)
FNDA:0,(anonymous_20)
FNDA:0,(anonymous_21)
FNDA:0,(anonymous_22)
DA:20,0
DA:21,0
DA:22,0
DA:24,0
DA:42,0
DA:43,0
DA:44,0
DA:45,0
DA:46,0
DA:47,0
DA:48,0
DA:49,0
DA:56,0
DA:67,0
DA:93,0
DA:94,0
DA:95,0
DA:96,0
DA:97,0
DA:100,0
DA:104,0
DA:114,0
DA:126,0
DA:127,0
DA:128,0
DA:129,0
DA:133,0
DA:134,0
DA:136,0
DA:137,0
DA:139,0
DA:142,0
DA:143,0
DA:144,0
DA:149,0
DA:152,0
DA:157,0
DA:160,0
DA:166,0
DA:171,0
DA:172,0
DA:174,0
DA:175,0
DA:187,0
DA:189,0
DA:196,0
DA:197,0
DA:200,0
DA:206,0
DA:210,0
DA:211,0
DA:212,0
DA:219,0
DA:220,0
DA:223,0
DA:248,0
DA:260,0
DA:278,0
DA:325,0
DA:338,0
DA:355,0
DA:372,0
DA:390,0
DA:407,0
DA:440,0
LF:65
LH:0
BRDA:21,0,0,0
BRDA:21,0,1,0
BRDA:96,1,0,0
BRDA:96,1,1,0
BRDA:139,2,0,0
BRDA:139,2,1,0
BRDA:142,3,0,0
BRDA:142,3,1,0
BRDA:142,4,0,0
BRDA:142,4,1,0
BRDA:187,5,0,0
BRDA:187,5,1,0
BRDA:202,6,0,0
BRDA:202,6,1,0
BRDA:228,7,0,0
BRDA:228,7,1,0
BRDA:242,8,0,0
BRDA:242,8,1,0
BRDA:254,9,0,0
BRDA:254,9,1,0
BRDA:308,10,0,0
BRDA:308,10,1,0
BRDA:332,11,0,0
BRDA:332,11,1,0
BRDA:422,12,0,0
BRDA:422,12,1,0
BRF:26
BRH:0
end_of_record
TN:
SF:app/(tabs)/_layout.tsx
FN:6,TabsLayout
FN:11,(anonymous_1)
FN:17,(anonymous_2)
FN:29,(anonymous_3)
FNF:4
FNH:0
FNDA:0,TabsLayout
FNDA:0,(anonymous_1)
FNDA:0,(anonymous_2)
FNDA:0,(anonymous_3)
DA:7,0
DA:8,0
DA:11,0
DA:12,0
DA:13,0
DA:16,0
DA:18,0
DA:19,0
DA:24,0
DA:30,0
LF:10
LH:0
BRDA:12,0,0,0
BRDA:12,0,1,0
BRF:2
BRH:0
end_of_record
TN:
SF:app/(tabs)/chart.tsx
FN:12,ChartScreen
FNF:1
FNH:0
FNDA:0,ChartScreen
DA:13,0
DA:15,0
LF:2
LH:0
BRF:0
BRH:0
end_of_record
TN:
SF:app/(tabs)/home.tsx
FN:28,HomeScreen
FN:34,(anonymous_1)
FN:35,(anonymous_2)
FN:45,(anonymous_3)
FN:81,(anonymous_4)
FN:82,(anonymous_5)
FN:85,(anonymous_6)
FN:90,(anonymous_7)
FN:94,(anonymous_8)
FN:98,(anonymous_9)
FN:104,(anonymous_10)
FN:109,(anonymous_11)
FN:114,(anonymous_12)
FN:119,(anonymous_13)
FN:124,(anonymous_14)
FN:129,(anonymous_15)
FN:133,(anonymous_16)
FN:137,(anonymous_17)
FN:141,(anonymous_18)
FN:146,(anonymous_19)
FN:147,(anonymous_20)
FN:148,(anonymous_21)
FNF:22
FNH:0
FNDA:0,HomeScreen
FNDA:0,(anonymous_1)
FNDA:0,(anonymous_2)
FNDA:0,(anonymous_3)
FNDA:0,(anonymous_4)
FNDA:0,(anonymous_5)
FNDA:0,(anonymous_6)
FNDA:0,(anonymous_7)
FNDA:0,(anonymous_8)
FNDA:0,(anonymous_9)
FNDA:0,(anonymous_10)
FNDA:0,(anonymous_11)
FNDA:0,(anonymous_12)
FNDA:0,(anonymous_13)
FNDA:0,(anonymous_14)
FNDA:0,(anonymous_15)
FNDA:0,(anonymous_16)
FNDA:0,(anonymous_17)
FNDA:0,(anonymous_18)
FNDA:0,(anonymous_19)
FNDA:0,(anonymous_20)
FNDA:0,(anonymous_21)
DA:29,0
DA:30,0
DA:31,0
DA:34,0
DA:35,0
DA:37,0
DA:38,0
DA:39,0
DA:42,0
DA:45,0
DA:81,0
DA:82,0
DA:85,0
DA:87,0
DA:90,0
DA:91,0
DA:94,0
DA:95,0
DA:98,0
DA:99,0
DA:100,0
DA:104,0
DA:106,0
DA:109,0
DA:111,0
DA:114,0
DA:116,0
DA:119,0
DA:121,0
DA:124,0
DA:126,0
DA:129,0
DA:130,0
DA:133,0
DA:134,0
DA:137,0
DA:138,0
DA:141,0
DA:142,0
DA:146,0
DA:147,0
DA:148,0
DA:150,0
LF:43
LH:0
BRDA:152,0,0,0
BRDA:152,0,1,0
BRF:2
BRH:0
end_of_record
TN:
SF:app/(tabs)/offer.tsx
FN:12,OfferScreen
FNF:1
FNH:0
FNDA:0,OfferScreen
DA:13,0
DA:15,0
LF:2
LH:0
BRF:0
BRH:0
end_of_record
TN:
SF:app/(tabs)/order.tsx
FN:12,OrderScreen
FNF:1
FNH:0
FNDA:0,OrderScreen
DA:13,0
DA:15,0
LF:2
LH:0
BRF:0
BRH:0
end_of_record
TN:
SF:app/(tabs)/profile.tsx
FN:21,ProfileScreen
FN:49,(anonymous_1)
FN:126,(anonymous_2)
FN:132,(anonymous_3)
FNF:4
FNH:0
FNDA:0,ProfileScreen
FNDA:0,(anonymous_1)
FNDA:0,(anonymous_2)
FNDA:0,(anonymous_3)
DA:22,0
DA:23,0
DA:24,0
DA:25,0
DA:27,0
DA:28,0
DA:36,0
DA:37,0
DA:49,0
DA:55,0
DA:64,0
DA:127,0
DA:134,0
DA:136,0
DA:139,0
LF:15
LH:0
BRDA:27,0,0,0
BRDA:27,0,1,0
BRDA:30,1,0,0
BRDA:30,1,1,0
BRDA:36,2,0,0
BRDA:36,2,1,0
BRDA:39,3,0,0
BRDA:39,3,1,0
BRDA:66,4,0,0
BRDA:66,4,1,0
BRDA:82,5,0,0
BRDA:82,5,1,0
BRDA:82,6,0,0
BRDA:82,6,1,0
BRDA:86,7,0,0
BRDA:86,7,1,0
BRDA:109,8,0,0
BRDA:109,8,1,0
BRDA:134,9,0,0
BRDA:134,9,1,0
BRDA:143,10,0,0
BRDA:143,10,1,0
BRF:22
BRH:0
end_of_record
TN:
SF:app/addresses/index.tsx
FN:30,AddressesScreen
FN:58,(anonymous_1)
FN:75,(anonymous_2)
FN:84,(anonymous_3)
FN:92,(anonymous_4)
FN:114,(anonymous_5)
FN:135,(anonymous_6)
FN:153,(anonymous_7)
FN:171,(anonymous_8)
FN:188,(anonymous_9)
FN:232,(anonymous_10)
FN:233,(anonymous_11)
FNF:12
FNH:0
FNDA:0,AddressesScreen
FNDA:0,(anonymous_1)
FNDA:0,(anonymous_2)
FNDA:0,(anonymous_3)
FNDA:0,(anonymous_4)
FNDA:0,(anonymous_5)
FNDA:0,(anonymous_6)
FNDA:0,(anonymous_7)
FNDA:0,(anonymous_8)
FNDA:0,(anonymous_9)
FNDA:0,(anonymous_10)
FNDA:0,(anonymous_11)
DA:31,0
DA:32,0
DA:33,0
DA:34,0
DA:48,0
DA:50,0
DA:51,0
DA:52,0
DA:53,0
DA:58,0
DA:59,0
DA:60,0
DA:64,0
DA:67,0
DA:68,0
DA:69,0
DA:75,0
DA:76,0
DA:77,0
DA:78,0
DA:84,0
DA:85,0
DA:86,0
DA:92,0
DA:93,0
DA:94,0
DA:95,0
DA:96,0
DA:101,0
DA:103,0
DA:104,0
DA:107,0
DA:114,0
DA:115,0
DA:117,0
DA:118,0
DA:119,0
DA:120,0
DA:125,0
DA:135,0
DA:136,0
DA:137,0
DA:138,0
DA:143,0
DA:153,0
DA:154,0
DA:155,0
DA:156,0
DA:161,0
DA:171,0
DA:172,0
DA:173,0
DA:174,0
DA:176,0
DA:180,0
DA:188,0
DA:232,0
DA:234,0
LF:58
LH:0
BRDA:59,0,0,0
BRDA:59,0,1,0
BRDA:103,1,0,0
BRDA:103,1,1,0
BRDA:103,2,0,0
BRDA:103,2,1,0
BRDA:115,3,0,0
BRDA:115,3,1,0
BRDA:182,4,0,0
BRDA:182,4,1,0
BRDA:194,5,0,0
BRDA:194,5,1,0
BRDA:220,6,0,0
BRDA:220,6,1,0
BRDA:220,7,0,0
BRDA:220,7,1,0
BRDA:227,8,0,0
BRDA:227,8,1,0
BRDA:246,9,0,0
BRDA:246,9,1,0
BRDA:253,10,0,0
BRDA:253,10,1,0
BRDA:253,10,2,0
BRDA:278,11,0,0
BRDA:278,11,1,0
BRDA:280,12,0,0
BRDA:280,12,1,0
BRF:27
BRH:0
end_of_record
TN:
SF:components/DarkModeToggle.tsx
FN:10,(anonymous_0)
FN:15,(anonymous_1)
FNF:2
FNH:0
FNDA:0,(anonymous_0)
FNDA:0,(anonymous_1)
DA:10,0
DA:11,0
DA:12,0
DA:13,0
DA:15,0
DA:16,0
DA:23,0
DA:28,0
LF:8
LH:0
BRDA:13,0,0,0
BRDA:13,0,1,0
BRDA:17,1,0,0
BRDA:17,1,1,0
BRDA:34,2,0,0
BRDA:34,2,1,0
BRF:6
BRH:0
end_of_record
TN:
SF:components/LanguageSelector.tsx
FN:26,(anonymous_0)
FN:31,(anonymous_1)
FN:39,(anonymous_2)
FN:46,(anonymous_3)
FNF:4
FNH:0
FNDA:0,(anonymous_0)
FNDA:0,(anonymous_1)
FNDA:0,(anonymous_2)
FNDA:0,(anonymous_3)
DA:26,0
DA:29,0
DA:31,0
DA:32,0
DA:33,0
DA:37,0
DA:40,0
DA:41,0
DA:43,0
DA:46,0
LF:10
LH:0
BRDA:27,0,0,0
BRDA:32,1,0,0
BRDA:32,1,1,0
BRDA:50,2,0,0
BRDA:50,2,1,0
BRDA:61,3,0,0
BRDA:61,3,1,0
BRF:7
BRH:0
end_of_record
TN:
SF:components/PageHeader.tsx
FN:14,(anonymous_0)
FNF:1
FNH:0
FNDA:0,(anonymous_0)
DA:14,0
DA:19,0
LF:2
LH:0
BRDA:17,0,0,0
BRDA:25,1,0,0
BRDA:25,1,1,0
BRF:3
BRH:0
end_of_record
TN:
SF:components/SettingsItem.tsx
FN:20,(anonymous_0)
FNF:1
FNH:0
FNDA:0,(anonymous_0)
DA:20,0
DA:28,0
DA:29,0
DA:30,0
DA:31,0
DA:33,0
LF:6
LH:0
BRDA:26,0,0,0
BRDA:30,1,0,0
BRDA:30,1,1,0
BRDA:31,2,0,0
BRDA:31,2,1,0
BRDA:49,3,0,0
BRDA:49,3,1,0
BRDA:59,4,0,0
BRDA:59,4,1,0
BRDA:59,4,2,0
BRDA:59,4,3,0
BRF:11
BRH:0
end_of_record
TN:
SF:components/index.ts
FNF:0
FNH:0
LF:0
LH:0
BRF:0
BRH:0
end_of_record
TN:
SF:components/BottomNavigation/BottomNavigation.tsx
FN:12,(anonymous_0)
FN:17,(anonymous_1)
FN:23,(anonymous_2)
FN:29,(anonymous_3)
FNF:4
FNH:0
FNDA:0,(anonymous_0)
FNDA:0,(anonymous_1)
FNDA:0,(anonymous_2)
FNDA:0,(anonymous_3)
DA:12,0
DA:17,0
DA:18,0
DA:21,0
DA:24,0
DA:26,0
DA:29,0
DA:54,0
LF:8
LH:0
BRDA:36,0,0,0
BRDA:36,0,1,0
BRDA:38,1,0,0
BRDA:38,1,1,0
BRDA:42,2,0,0
BRDA:42,2,1,0
BRF:6
BRH:0
end_of_record
TN:
SF:components/BottomNavigation/index.ts
FNF:0
FNH:0
LF:0
LH:0
BRF:0
BRH:0
end_of_record
TN:
SF:components/CategoryList/CategoryItem.tsx
FN:18,(anonymous_0)
FN:25,(anonymous_1)
FNF:2
FNH:0
FNDA:0,(anonymous_0)
FNDA:0,(anonymous_1)
DA:18,0
DA:22,0
DA:23,0
DA:25,0
DA:26,0
DA:30,0
DA:32,0
DA:57,0
LF:8
LH:0
BRDA:30,0,0,0
BRDA:30,0,1,0
BRF:2
BRH:0
end_of_record
TN:
SF:components/CategoryList/CategoryList.tsx
FN:15,(anonymous_0)
FN:19,(anonymous_1)
FN:31,(anonymous_2)
FNF:3
FNH:0
FNDA:0,(anonymous_0)
FNDA:0,(anonymous_1)
FNDA:0,(anonymous_2)
DA:15,0
DA:19,0
DA:20,0
DA:23,0
DA:32,0
DA:42,0
LF:6
LH:0
BRF:0
BRH:0
end_of_record
TN:
SF:components/CategoryList/index.ts
FNF:0
FNH:0
LF:0
LH:0
BRF:0
BRH:0
end_of_record
TN:
SF:components/FilterDrawer/FilterDrawer.tsx
FN:22,(anonymous_0)
FN:39,(anonymous_1)
FN:42,(anonymous_2)
FN:49,(anonymous_3)
FN:54,(anonymous_4)
FN:59,(anonymous_5)
FN:89,(anonymous_6)
FN:98,(anonymous_7)
FN:103,(anonymous_8)
FN:111,(anonymous_9)
FN:116,(anonymous_10)
FNF:11
FNH:0
FNDA:0,(anonymous_0)
FNDA:0,(anonymous_1)
FNDA:0,(anonymous_2)
FNDA:0,(anonymous_3)
FNDA:0,(anonymous_4)
FNDA:0,(anonymous_5)
FNDA:0,(anonymous_6)
FNDA:0,(anonymous_7)
FNDA:0,(anonymous_8)
FNDA:0,(anonymous_9)
FNDA:0,(anonymous_10)
DA:22,0
DA:29,0
DA:30,0
DA:31,0
DA:32,0
DA:35,0
DA:36,0
DA:39,0
DA:40,0
DA:41,0
DA:42,0
DA:45,0
DA:49,0
DA:50,0
DA:54,0
DA:55,0
DA:59,0
DA:60,0
DA:61,0
DA:64,0
DA:90,0
DA:99,0
DA:103,0
DA:112,0
DA:116,0
LF:25
LH:0
BRDA:35,0,0,0
BRDA:35,0,1,0
BRDA:36,1,0,0
BRDA:36,1,1,0
BRDA:40,2,0,0
BRDA:40,2,1,0
BRDA:41,3,0,0
BRDA:41,3,1,0
BRDA:95,4,0,0
BRDA:95,4,1,0
BRDA:102,5,0,0
BRDA:102,5,1,0
BRF:12
BRH:0
end_of_record
TN:
SF:components/FilterDrawer/index.ts
FNF:0
FNH:0
LF:0
LH:0
BRF:0
BRH:0
end_of_record
TN:
SF:components/FilterDrawer/types.ts
FNF:0
FNH:0
LF:0
LH:0
BRF:0
BRH:0
end_of_record
TN:
SF:components/Header/AddressBottomSheet.tsx
FN:31,(anonymous_0)
FN:46,(anonymous_1)
FN:51,(anonymous_2)
FN:75,(anonymous_3)
FN:130,(anonymous_4)
FN:224,(anonymous_5)
FN:225,(anonymous_6)
FN:229,(anonymous_7)
FNF:8
FNH:0
FNDA:0,(anonymous_0)
FNDA:0,(anonymous_1)
FNDA:0,(anonymous_2)
FNDA:0,(anonymous_3)
FNDA:0,(anonymous_4)
FNDA:0,(anonymous_5)
FNDA:0,(anonymous_6)
FNDA:0,(anonymous_7)
DA:31,0
DA:39,0
DA:40,0
DA:41,0
DA:42,0
DA:43,0
DA:44,0
DA:46,0
DA:47,0
DA:48,0
DA:51,0
DA:52,0
DA:53,0
DA:75,0
DA:76,0
DA:78,0
DA:79,0
DA:81,0
DA:83,0
DA:97,0
DA:98,0
DA:100,0
DA:106,0
DA:109,0
DA:111,0
DA:112,0
DA:113,0
DA:115,0
DA:116,0
DA:120,0
DA:125,0
DA:130,0
DA:131,0
DA:134,0
DA:137,0
DA:139,0
DA:143,0
DA:224,0
DA:226,0
DA:227,0
DA:229,0
DA:311,0
LF:42
LH:0
BRDA:81,0,0,0
BRDA:81,0,1,0
BRDA:111,1,0,0
BRDA:111,1,1,0
BRDA:112,2,0,0
BRDA:112,2,1,0
BRDA:112,3,0,0
BRDA:112,3,1,0
BRDA:115,4,0,0
BRDA:115,4,1,0
BRDA:115,5,0,0
BRDA:115,5,1,0
BRDA:131,6,0,0
BRDA:131,6,1,0
BRDA:131,6,2,0
BRDA:131,6,3,0
BRDA:131,6,4,0
BRDA:172,7,0,0
BRDA:172,7,1,0
BRDA:184,8,0,0
BRDA:184,8,1,0
BRDA:201,9,0,0
BRDA:201,9,1,0
BRDA:206,10,0,0
BRDA:206,10,1,0
BRDA:231,11,0,0
BRDA:231,11,1,0
BRDA:236,12,0,0
BRDA:236,12,1,0
BRDA:242,13,0,0
BRDA:242,13,1,0
BRDA:242,14,0,0
BRDA:242,14,1,0
BRDA:249,15,0,0
BRDA:249,15,1,0
BRDA:256,16,0,0
BRDA:256,16,1,0
BRDA:263,17,0,0
BRDA:263,17,1,0
BRDA:278,18,0,0
BRDA:278,18,1,0
BRDA:296,19,0,0
BRDA:296,19,1,0
BRF:43
BRH:0
end_of_record
TN:
SF:components/Header/Header.tsx
FN:23,(anonymous_0)
FN:39,(anonymous_1)
FN:43,(anonymous_2)
FN:47,(anonymous_3)
FNF:4
FNH:0
FNDA:0,(anonymous_0)
FNDA:0,(anonymous_1)
FNDA:0,(anonymous_2)
FNDA:0,(anonymous_3)
DA:23,0
DA:31,0
DA:32,0
DA:33,0
DA:36,0
DA:37,0
DA:39,0
DA:40,0
DA:43,0
DA:44,0
DA:47,0
DA:48,0
DA:51,0
DA:103,0
LF:14
LH:0
BRDA:28,0,0,0
BRDA:81,1,0,0
BRDA:81,1,1,0
BRDA:84,2,0,0
BRDA:84,2,1,0
BRDA:93,3,0,0
BRDA:93,3,1,0
BRF:7
BRH:0
end_of_record
TN:
SF:components/Header/LocationSelector.tsx
FN:16,(anonymous_0)
FNF:1
FNH:0
FNDA:0,(anonymous_0)
DA:16,0
DA:17,0
DA:20,0
DA:24,0
DA:59,0
LF:5
LH:0
BRDA:20,0,0,0
BRDA:20,0,1,0
BRDA:36,1,0,0
BRDA:36,1,1,0
BRDA:43,2,0,0
BRDA:43,2,1,0
BRF:6
BRH:0
end_of_record
TN:
SF:components/Header/index.ts
FNF:0
FNH:0
LF:0
LH:0
BRF:0
BRH:0
end_of_record
TN:
SF:components/PromoCard/PromoCard.tsx
FN:17,(anonymous_0)
FN:27,(anonymous_1)
FNF:2
FNH:0
FNDA:0,(anonymous_0)
FNDA:0,(anonymous_1)
DA:17,0
DA:24,0
DA:25,0
DA:27,0
DA:28,0
DA:32,0
DA:33,0
DA:35,0
DA:62,0
LF:9
LH:0
BRDA:32,0,0,0
BRDA:32,0,1,0
BRF:2
BRH:0
end_of_record
TN:
SF:components/PromoCard/index.ts
FNF:0
FNH:0
LF:0
LH:0
BRF:0
BRH:0
end_of_record
TN:
SF:components/RestaurantCard/RestaurantCard.tsx
FN:20,(anonymous_0)
FN:33,(anonymous_1)
FN:37,(anonymous_2)
FN:84,(anonymous_3)
FNF:4
FNH:0
FNDA:0,(anonymous_0)
FNDA:0,(anonymous_1)
FNDA:0,(anonymous_2)
FNDA:0,(anonymous_3)
DA:20,0
DA:26,0
DA:27,0
DA:28,0
DA:31,0
DA:33,0
DA:34,0
DA:37,0
DA:38,0
DA:41,0
DA:86,0
DA:94,0
LF:12
LH:0
BRDA:31,0,0,0
BRDA:31,0,1,0
BRDA:60,1,0,0
BRDA:60,1,1,0
BRDA:64,2,0,0
BRDA:64,2,1,0
BRDA:66,3,0,0
BRDA:66,3,1,0
BRDA:87,4,0,0
BRDA:87,4,1,0
BRDA:87,4,2,0
BRDA:87,4,3,0
BRF:12
BRH:0
end_of_record
TN:
SF:components/RestaurantCard/index.ts
FNF:0
FNH:0
LF:0
LH:0
BRF:0
BRH:0
end_of_record
TN:
SF:components/RestaurantGrid/RestaurantGrid.tsx
FN:18,(anonymous_0)
FN:25,(anonymous_1)
FN:34,(anonymous_2)
FNF:3
FNH:0
FNDA:0,(anonymous_0)
FNDA:0,(anonymous_1)
FNDA:0,(anonymous_2)
DA:18,0
DA:25,0
DA:26,0
DA:29,0
DA:35,0
DA:48,0
LF:6
LH:0
BRDA:23,0,0,0
BRDA:38,1,0,0
BRDA:38,1,1,0
BRF:3
BRH:0
end_of_record
TN:
SF:components/RestaurantGrid/index.ts
FNF:0
FNH:0
LF:0
LH:0
BRF:0
BRH:0
end_of_record
TN:
SF:components/SearchBar/SearchBar.tsx
FN:17,(anonymous_0)
FN:32,(anonymous_1)
FN:37,(anonymous_2)
FNF:3
FNH:0
FNDA:0,(anonymous_0)
FNDA:0,(anonymous_1)
FNDA:0,(anonymous_2)
DA:17,0
DA:22,0
DA:23,0
DA:24,0
DA:27,0
DA:28,0
DA:29,0
DA:30,0
DA:32,0
DA:33,0
DA:34,0
DA:37,0
DA:38,0
DA:41,0
DA:68,0
LF:15
LH:0
BRDA:20,0,0,0
BRDA:27,1,0,0
BRDA:27,1,1,0
BRDA:28,2,0,0
BRDA:28,2,1,0
BRDA:29,3,0,0
BRDA:29,3,1,0
BRDA:30,4,0,0
BRDA:30,4,1,0
BRDA:62,5,0,0
BRDA:62,5,1,0
BRF:11
BRH:0
end_of_record
TN:
SF:components/SearchBar/index.ts
FNF:0
FNH:0
LF:0
LH:0
BRF:0
BRH:0
end_of_record
TN:
SF:components/addresses/AddressCard.tsx
FN:23,(anonymous_0)
FN:38,(anonymous_1)
FN:50,(anonymous_2)
FN:81,(anonymous_3)
FN:95,(anonymous_4)
FN:126,(anonymous_5)
FNF:6
FNH:0
FNDA:0,(anonymous_0)
FNDA:0,(anonymous_1)
FNDA:0,(anonymous_2)
FNDA:0,(anonymous_3)
FNDA:0,(anonymous_4)
FNDA:0,(anonymous_5)
DA:23,0
DA:29,0
DA:31,0
DA:32,0
DA:33,0
DA:38,0
DA:39,0
DA:50,0
DA:56,0
DA:82,0
DA:95,0
DA:126,0
LF:12
LH:0
BRDA:69,0,0,0
BRDA:69,0,1,0
BRDA:124,1,0,0
BRDA:124,1,1,0
BRF:4
BRH:0
end_of_record
TN:
SF:components/addresses/AddressEmptyState.tsx
FN:15,(anonymous_0)
FNF:1
FNH:0
FNDA:0,(anonymous_0)
DA:15,0
DA:18,0
DA:20,0
LF:3
LH:0
BRF:0
BRH:0
end_of_record
TN:
SF:components/addresses/AddressForm.tsx
FN:24,(anonymous_0)
FN:65,(anonymous_1)
FN:91,(anonymous_2)
FN:129,(anonymous_3)
FN:146,(anonymous_4)
FN:163,(anonymous_5)
FN:180,(anonymous_6)
FN:201,(anonymous_7)
FN:245,(anonymous_8)
FNF:9
FNH:0
FNDA:0,(anonymous_0)
FNDA:0,(anonymous_1)
FNDA:0,(anonymous_2)
FNDA:0,(anonymous_3)
FNDA:0,(anonymous_4)
FNDA:0,(anonymous_5)
FNDA:0,(anonymous_6)
FNDA:0,(anonymous_7)
FNDA:0,(anonymous_8)
DA:24,0
DA:30,0
DA:31,0
DA:32,0
DA:40,0
DA:65,0
DA:66,0
DA:67,0
DA:69,0
DA:71,0
DA:72,0
DA:73,0
DA:74,0
DA:78,0
DA:80,0
DA:81,0
DA:84,0
DA:91,0
DA:92,0
DA:93,0
DA:94,0
DA:97,0
DA:99,0
DA:103,0
DA:130,0
DA:147,0
DA:164,0
DA:181,0
DA:202,0
DA:246,0
LF:30
LH:0
BRDA:28,0,0,0
BRDA:43,1,0,0
BRDA:43,1,1,0
BRDA:50,2,0,0
BRDA:50,2,1,0
BRDA:69,3,0,0
BRDA:69,3,1,0
BRDA:80,4,0,0
BRDA:80,4,1,0
BRDA:112,5,0,0
BRDA:112,5,1,0
BRDA:118,6,0,0
BRDA:118,6,1,0
BRDA:136,7,0,0
BRDA:136,7,1,0
BRDA:153,8,0,0
BRDA:153,8,1,0
BRDA:170,9,0,0
BRDA:170,9,1,0
BRDA:187,10,0,0
BRDA:187,10,1,0
BRDA:224,11,0,0
BRDA:224,11,1,0
BRDA:250,12,0,0
BRDA:250,12,1,0
BRDA:269,13,0,0
BRDA:269,13,1,0
BRDA:275,14,0,0
BRDA:275,14,1,0
BRDA:275,14,2,0
BRF:30
BRH:0
end_of_record
TN:
SF:components/addresses/LocationButton.tsx
FN:16,(anonymous_0)
FNF:1
FNH:0
FNDA:0,(anonymous_0)
DA:16,0
DA:21,0
DA:23,0
LF:3
LH:0
BRDA:18,0,0,0
BRDA:19,1,0,0
BRDA:26,2,0,0
BRDA:26,2,1,0
BRDA:28,3,0,0
BRDA:28,3,1,0
BRDA:28,4,0,0
BRDA:28,4,1,0
BRDA:32,5,0,0
BRDA:32,5,1,0
BRDA:43,6,0,0
BRDA:43,6,1,0
BRF:12
BRH:0
end_of_record
TN:
SF:components/addresses/index.ts
FNF:0
FNH:0
LF:0
LH:0
BRF:0
BRH:0
end_of_record
TN:
SF:components/ui/Alert.tsx
FN:14,(anonymous_0)
FNF:1
FNH:0
FNDA:0,(anonymous_0)
DA:14,0
DA:21,0
DA:28,0
DA:30,0
LF:4
LH:0
BRDA:17,0,0,0
BRDA:19,1,0,0
BRDA:36,2,0,0
BRDA:36,2,1,0
BRDA:41,3,0,0
BRDA:41,3,1,0
BRDA:48,4,0,0
BRDA:48,4,1,0
BRF:8
BRH:0
end_of_record
TN:
SF:components/ui/Badge.tsx
FN:13,(anonymous_0)
FNF:1
FNH:0
FNDA:0,(anonymous_0)
DA:13,0
DA:20,0
DA:28,0
DA:34,0
DA:40,0
LF:5
LH:0
BRDA:15,0,0,0
BRDA:16,1,0,0
BRDA:17,2,0,0
BRDA:18,3,0,0
BRF:4
BRH:0
end_of_record
TN:
SF:components/ui/Card.tsx
FN:12,(anonymous_0)
FNF:1
FNH:0
FNDA:0,(anonymous_0)
DA:12,0
DA:18,0
DA:24,0
DA:26,0
LF:4
LH:0
BRDA:15,0,0,0
BRDA:16,1,0,0
BRDA:24,2,0,0
BRDA:24,2,1,0
BRDA:30,3,0,0
BRDA:30,3,1,0
BRF:6
BRH:0
end_of_record
TN:
SF:components/ui/Checkbox.tsx
FN:15,(anonymous_0)
FNF:1
FNH:0
FNDA:0,(anonymous_0)
DA:15,0
DA:23,0
LF:2
LH:0
BRDA:19,0,0,0
BRDA:20,1,0,0
BRDA:21,2,0,0
BRDA:27,3,0,0
BRDA:27,3,1,0
BRDA:32,4,0,0
BRDA:32,4,1,0
BRDA:35,5,0,0
BRDA:35,5,1,0
BRDA:40,6,0,0
BRDA:40,6,1,0
BRF:11
BRH:0
end_of_record
TN:
SF:components/ui/CustomInput.tsx
FN:27,(anonymous_0)
FNF:1
FNH:0
FNDA:0,(anonymous_0)
DA:27,0
DA:48,0
DA:49,0
DA:52,0
DA:54,0
LF:5
LH:0
BRDA:34,0,0,0
BRDA:35,1,0,0
BRDA:36,2,0,0
BRDA:37,3,0,0
BRDA:39,4,0,0
BRDA:40,5,0,0
BRDA:43,6,0,0
BRDA:44,7,0,0
BRDA:45,8,0,0
BRDA:52,9,0,0
BRDA:52,9,1,0
BRDA:57,10,0,0
BRDA:57,10,1,0
BRDA:66,11,0,0
BRDA:66,11,1,0
BRDA:76,12,0,0
BRDA:76,12,1,0
BRDA:80,13,0,0
BRDA:80,13,1,0
BRDA:81,14,0,0
BRDA:81,14,1,0
BRDA:82,15,0,0
BRDA:82,15,1,0
BRDA:83,16,0,0
BRDA:83,16,1,0
BRDA:97,17,0,0
BRDA:97,17,1,0
BRDA:98,18,0,0
BRDA:98,18,1,0
BRDA:103,19,0,0
BRDA:103,19,1,0
BRDA:111,20,0,0
BRDA:111,20,1,0
BRF:33
BRH:0
end_of_record
TN:
SF:components/ui/Divider.tsx
FN:11,(anonymous_0)
FNF:1
FNH:0
FNDA:0,(anonymous_0)
DA:11,0
DA:17,0
LF:2
LH:0
BRDA:13,0,0,0
BRDA:14,1,0,0
BRDA:15,2,0,0
BRDA:20,3,0,0
BRDA:20,3,1,0
BRF:5
BRH:0
end_of_record
TN:
SF:components/ui/Header.tsx
FN:13,(anonymous_0)
FN:15,(anonymous_1)
FNF:2
FNH:0
FNDA:0,(anonymous_0)
FNDA:0,(anonymous_1)
DA:13,0
DA:20,0
LF:2
LH:0
BRDA:14,0,0,0
BRDA:15,1,0,0
BRDA:16,2,0,0
BRDA:17,3,0,0
BRDA:18,4,0,0
BRDA:22,5,0,0
BRDA:22,5,1,0
BRDA:42,6,0,0
BRDA:42,6,1,0
BRF:9
BRH:0
end_of_record
TN:
SF:components/ui/Logo.tsx
FN:13,(anonymous_0)
FNF:1
FNH:0
FNDA:0,(anonymous_0)
DA:13,0
DA:19,0
DA:21,0
LF:3
LH:0
BRDA:14,0,0,0
BRDA:15,1,0,0
BRDA:17,2,0,0
BRDA:19,3,0,0
BRDA:19,3,1,0
BRF:5
BRH:0
end_of_record
TN:
SF:components/ui/PasswordInput.tsx
FN:11,(anonymous_0)
FN:37,(anonymous_1)
FNF:2
FNH:0
FNDA:0,(anonymous_0)
FNDA:0,(anonymous_1)
DA:11,0
DA:21,0
DA:23,0
DA:37,0
LF:4
LH:0
BRDA:12,0,0,0
BRDA:13,1,0,0
BRDA:18,2,0,0
BRDA:41,3,0,0
BRDA:41,3,1,0
BRF:5
BRH:0
end_of_record
TN:
SF:components/ui/PrimaryButton.tsx
FN:18,(anonymous_0)
FNF:1
FNH:0
FNDA:0,(anonymous_0)
DA:18,0
DA:30,0
DA:37,0
DA:44,0
DA:50,0
DA:56,0
LF:6
LH:0
BRDA:21,0,0,0
BRDA:22,1,0,0
BRDA:23,2,0,0
BRDA:24,3,0,0
BRDA:27,4,0,0
BRDA:28,5,0,0
BRDA:59,6,0,0
BRDA:59,6,1,0
BRDA:63,7,0,0
BRDA:63,7,1,0
BRDA:63,8,0,0
BRDA:63,8,1,0
BRDA:67,9,0,0
BRDA:67,9,1,0
BRDA:68,10,0,0
BRDA:68,10,1,0
BRDA:71,11,0,0
BRDA:71,11,1,0
BRDA:77,12,0,0
BRDA:77,12,1,0
BRF:20
BRH:0
end_of_record
TN:
SF:components/ui/RadioButton.tsx
FN:14,(anonymous_0)
FNF:1
FNH:0
FNDA:0,(anonymous_0)
DA:14,0
DA:22,0
LF:2
LH:0
BRDA:18,0,0,0
BRDA:19,1,0,0
BRDA:20,2,0,0
BRDA:26,3,0,0
BRDA:26,3,1,0
BRDA:31,4,0,0
BRDA:31,4,1,0
BRDA:34,5,0,0
BRDA:34,5,1,0
BRDA:39,6,0,0
BRDA:39,6,1,0
BRF:11
BRH:0
end_of_record
TN:
SF:components/ui/SocialButton.tsx
FN:16,(anonymous_0)
FNF:1
FNH:0
FNDA:0,(anonymous_0)
DA:16,0
DA:25,0
LF:2
LH:0
BRDA:20,0,0,0
BRDA:22,1,0,0
BRDA:23,2,0,0
BRDA:30,3,0,0
BRDA:30,3,1,0
BRDA:34,4,0,0
BRDA:34,4,1,0
BRDA:34,5,0,0
BRDA:34,5,1,0
BRDA:40,6,0,0
BRDA:40,6,1,0
BRDA:40,7,0,0
BRDA:40,7,1,0
BRF:13
BRH:0
end_of_record
TN:
SF:components/ui/Surface.tsx
FN:36,(anonymous_0)
FNF:1
FNH:0
FNDA:0,(anonymous_0)
DA:36,0
DA:42,0
DA:48,0
LF:3
LH:0
BRDA:37,0,0,0
BRF:1
BRH:0
end_of_record
TN:
SF:components/ui/TextLink.tsx
FN:13,(anonymous_0)
FNF:1
FNH:0
FNDA:0,(anonymous_0)
DA:13,0
DA:21,0
LF:2
LH:0
BRDA:17,0,0,0
BRDA:18,1,0,0
BRDA:19,2,0,0
BRF:3
BRH:0
end_of_record
TN:
SF:components/ui/Typography.tsx
FN:39,(anonymous_0)
FNF:1
FNH:0
FNDA:0,(anonymous_0)
DA:39,0
DA:45,0
DA:51,0
LF:3
LH:0
BRDA:40,0,0,0
BRF:1
BRH:0
end_of_record
TN:
SF:components/ui/index.ts
FNF:0
FNH:0
LF:0
LH:0
BRF:0
BRH:0
end_of_record
TN:
SF:components/ui/types.ts
FNF:0
FNH:0
LF:0
LH:0
BRF:0
BRH:0
end_of_record
TN:
SF:contexts/ColorSchemeProvider.tsx
FN:21,(anonymous_0)
FN:24,(anonymous_1)
FN:31,(anonymous_2)
FN:48,(anonymous_3)
FN:51,(anonymous_4)
FN:60,(anonymous_5)
FNF:6
FNH:0
FNDA:0,(anonymous_0)
FNDA:0,(anonymous_1)
FNDA:0,(anonymous_2)
FNDA:0,(anonymous_3)
FNDA:0,(anonymous_4)
FNDA:0,(anonymous_5)
DA:5,0
DA:21,0
DA:22,0
DA:24,0
DA:25,0
DA:31,0
DA:32,0
DA:33,0
DA:34,0
DA:35,0
DA:38,0
DA:42,0
DA:48,0
DA:49,0
DA:51,0
DA:52,0
DA:53,0
DA:54,0
DA:56,0
DA:60,0
DA:61,0
DA:62,0
DA:65,0
LF:23
LH:0
BRDA:34,0,0,0
BRDA:34,0,1,0
BRDA:34,1,0,0
BRDA:34,1,1,0
BRDA:34,1,2,0
BRDA:61,2,0,0
BRDA:61,2,1,0
BRF:7
BRH:0
end_of_record
TN:
SF:contexts/LocalizationContext.tsx
FN:18,(anonymous_0)
FN:21,(anonymous_1)
FN:22,(anonymous_2)
FNF:3
FNH:0
FNDA:0,(anonymous_0)
FNDA:0,(anonymous_1)
FNDA:0,(anonymous_2)
DA:18,0
DA:19,0
DA:21,0
DA:22,0
DA:23,0
DA:24,0
DA:25,0
DA:26,0
DA:28,0
DA:29,0
DA:33,0
DA:36,0
DA:38,0
LF:13
LH:0
BRDA:36,0,0,0
BRDA:36,0,1,0
BRF:2
BRH:0
end_of_record
TN:
SF:contexts/index.ts
FNF:0
FNH:0
LF:0
LH:0
BRF:0
BRH:0
end_of_record
TN:
SF:hooks/index.ts
FNF:0
FNH:0
LF:0
LH:0
BRF:0
BRH:0
end_of_record
TN:
SF:hooks/useAddresses.ts
FN:12,(anonymous_0)
FN:17,(anonymous_1)
FN:18,(anonymous_2)
FN:19,(anonymous_3)
FN:20,(anonymous_4)
FN:21,(anonymous_5)
FN:24,(anonymous_6)
FN:25,(anonymous_7)
FN:26,(anonymous_8)
FN:29,(anonymous_9)
FN:30,(anonymous_10)
FN:31,(anonymous_11)
FN:32,(anonymous_12)
FN:33,(anonymous_13)
FN:34,(anonymous_14)
FN:35,(anonymous_15)
FN:36,(anonymous_16)
FN:37,(anonymous_17)
FN:38,(anonymous_18)
FN:44,(anonymous_19)
FN:54,(anonymous_20)
FN:64,(anonymous_21)
FN:78,(anonymous_22)
FN:85,(anonymous_23)
FN:92,(anonymous_24)
FNF:25
FNH:20
FNDA:3,(anonymous_0)
FNDA:3,(anonymous_1)
FNDA:3,(anonymous_2)
FNDA:3,(anonymous_3)
FNDA:3,(anonymous_4)
FNDA:3,(anonymous_5)
FNDA:3,(anonymous_6)
FNDA:3,(anonymous_7)
FNDA:3,(anonymous_8)
FNDA:3,(anonymous_9)
FNDA:3,(anonymous_10)
FNDA:3,(anonymous_11)
FNDA:3,(anonymous_12)
FNDA:3,(anonymous_13)
FNDA:3,(anonymous_14)
FNDA:3,(anonymous_15)
FNDA:3,(anonymous_16)
FNDA:3,(anonymous_17)
FNDA:3,(anonymous_18)
FNDA:3,(anonymous_19)
FNDA:0,(anonymous_20)
FNDA:0,(anonymous_21)
FNDA:0,(anonymous_22)
FNDA:0,(anonymous_23)
FNDA:0,(anonymous_24)
DA:12,1
DA:13,3
DA:14,3
DA:17,3
DA:18,3
DA:19,3
DA:20,3
DA:21,3
DA:24,3
DA:25,3
DA:26,3
DA:29,3
DA:30,3
DA:31,3
DA:32,3
DA:33,3
DA:34,3
DA:35,3
DA:36,3
DA:37,3
DA:38,3
DA:44,3
DA:45,3
DA:46,0
DA:47,0
DA:54,3
DA:55,0
DA:56,0
DA:64,3
DA:65,0
DA:66,0
DA:69,0
DA:78,3
DA:79,0
DA:85,3
DA:86,0
DA:92,3
DA:93,0
DA:96,3
LF:39
LH:29
BRDA:12,0,0,3
BRDA:45,1,0,0
BRDA:45,1,1,3
BRDA:45,2,0,3
BRDA:45,2,1,3
BRDA:45,2,2,0
BRDA:55,3,0,0
BRDA:55,3,1,0
BRDA:65,4,0,0
BRDA:65,4,1,0
BRF:10
BRH:4
end_of_record
TN:
SF:hooks/useAuth.ts
FN:6,(anonymous_0)
FN:11,(anonymous_1)
FN:12,(anonymous_2)
FN:27,(anonymous_3)
FNF:4
FNH:3
FNDA:3,(anonymous_0)
FNDA:3,(anonymous_1)
FNDA:3,(anonymous_2)
FNDA:0,(anonymous_3)
DA:6,1
DA:7,3
DA:8,3
DA:9,3
DA:11,3
DA:12,3
DA:13,3
DA:15,3
DA:17,3
DA:18,3
DA:21,3
DA:24,3
DA:27,3
DA:28,0
DA:29,0
DA:30,0
DA:33,3
LF:17
LH:14
BRDA:6,0,0,3
BRDA:17,1,0,3
BRDA:17,1,1,0
BRDA:17,2,0,3
BRDA:17,2,1,3
BRDA:33,3,0,3
BRDA:33,3,1,3
BRF:7
BRH:6
end_of_record
TN:
SF:hooks/useFavorites.ts
FN:8,useFavorites
FN:9,(anonymous_1)
FN:11,(anonymous_2)
FN:19,(anonymous_3)
FN:20,(anonymous_4)
FN:27,(anonymous_5)
FN:32,(anonymous_6)
FN:33,(anonymous_7)
FNF:8
FNH:0
FNDA:0,useFavorites
FNDA:0,(anonymous_1)
FNDA:0,(anonymous_2)
FNDA:0,(anonymous_3)
FNDA:0,(anonymous_4)
FNDA:0,(anonymous_5)
FNDA:0,(anonymous_6)
FNDA:0,(anonymous_7)
DA:9,0
DA:10,0
DA:11,0
DA:19,0
DA:20,0
DA:26,0
DA:27,0
DA:31,0
DA:33,0
DA:37,0
LF:10
LH:0
BRDA:27,0,0,0
BRDA:27,0,1,0
BRF:2
BRH:0
end_of_record
TN:
SF:hooks/useLocation.ts
FN:8,(anonymous_0)
FN:16,(anonymous_1)
FN:30,(anonymous_2)
FN:54,(anonymous_3)
FN:92,(anonymous_4)
FN:122,(anonymous_5)
FNF:6
FNH:0
FNDA:0,(anonymous_0)
FNDA:0,(anonymous_1)
FNDA:0,(anonymous_2)
FNDA:0,(anonymous_3)
FNDA:0,(anonymous_4)
FNDA:0,(anonymous_5)
DA:8,0
DA:9,0
DA:10,0
DA:11,0
DA:16,0
DA:17,0
DA:18,0
DA:19,0
DA:20,0
DA:22,0
DA:23,0
DA:30,0
DA:31,0
DA:32,0
DA:33,0
DA:34,0
DA:35,0
DA:36,0
DA:38,0
DA:39,0
DA:42,0
DA:44,0
DA:45,0
DA:46,0
DA:54,0
DA:55,0
DA:56,0
DA:58,0
DA:59,0
DA:60,0
DA:61,0
DA:63,0
DA:65,0
DA:67,0
DA:69,0
DA:70,0
DA:71,0
DA:73,0
DA:74,0
DA:76,0
DA:77,0
DA:79,0
DA:82,0
DA:85,0
DA:92,0
DA:96,0
DA:97,0
DA:99,0
DA:100,0
DA:101,0
DA:102,0
DA:104,0
DA:106,0
DA:107,0
DA:108,0
DA:109,0
DA:112,0
DA:115,0
DA:122,0
DA:123,0
DA:126,0
LF:61
LH:0
BRDA:38,0,0,0
BRDA:38,0,1,0
BRDA:65,1,0,0
BRDA:65,1,1,0
BRDA:67,2,0,0
BRDA:67,2,1,0
BRDA:67,2,2,0
BRDA:67,2,3,0
BRDA:106,3,0,0
BRDA:106,3,1,0
BRDA:108,4,0,0
BRDA:108,4,1,0
BRF:12
BRH:0
end_of_record
TN:
SF:hooks/useRestaurants.ts
FN:25,useRestaurants
FN:31,(anonymous_1)
FN:51,useRestaurant
FN:55,(anonymous_3)
FN:75,useRestaurantCategories
FN:79,(anonymous_5)
FNF:6
FNH:2
FNDA:8,useRestaurants
FNDA:3,(anonymous_1)
FNDA:0,useRestaurant
FNDA:0,(anonymous_3)
FNDA:0,useRestaurantCategories
FNDA:0,(anonymous_5)
DA:26,8
DA:34,3
DA:52,0
DA:56,0
DA:59,0
DA:76,0
DA:81,0
LF:7
LH:2
BRDA:25,0,0,1
BRDA:38,1,0,8
BRDA:38,1,1,6
BRDA:56,2,0,0
BRDA:56,2,1,0
BRF:5
BRH:3
end_of_record
TN:
SF:hooks/useTranslation.ts
FN:22,(anonymous_0)
FN:26,(anonymous_1)
FN:29,(anonymous_2)
FN:30,(anonymous_3)
FN:37,(anonymous_4)
FN:38,(anonymous_5)
FNF:6
FNH:0
FNDA:0,(anonymous_0)
FNDA:0,(anonymous_1)
FNDA:0,(anonymous_2)
FNDA:0,(anonymous_3)
FNDA:0,(anonymous_4)
FNDA:0,(anonymous_5)
DA:22,0
DA:23,0
DA:26,0
DA:29,0
DA:30,0
DA:31,0
DA:32,0
DA:37,0
DA:38,0
DA:39,0
DA:40,0
DA:44,0
LF:12
LH:0
BRDA:30,0,0,0
BRDA:31,1,0,0
BRDA:31,1,1,0
BRDA:31,2,0,0
BRDA:31,2,1,0
BRDA:32,3,0,0
BRDA:32,3,1,0
BRF:7
BRH:0
end_of_record
TN:
SF:lib/queryClient.ts
FNF:0
FNH:0
DA:6,0
LF:1
LH:0
BRF:0
BRH:0
end_of_record
TN:
SF:lib/supabase.ts
FN:11,(anonymous_0)
FN:22,(anonymous_1)
FN:34,(anonymous_2)
FN:41,(anonymous_3)
FN:46,(anonymous_4)
FNF:5
FNH:1
FNDA:0,(anonymous_0)
FNDA:0,(anonymous_1)
FNDA:5,(anonymous_2)
FNDA:0,(anonymous_3)
FNDA:0,(anonymous_4)
DA:12,0
DA:14,0
DA:15,0
DA:17,0
DA:19,0
DA:23,0
DA:24,0
DA:25,0
DA:28,0
DA:29,0
DA:31,0
DA:35,5
DA:36,5
DA:38,0
DA:42,0
DA:43,0
DA:47,0
DA:49,0
DA:54,2
DA:55,2
DA:56,2
DA:58,2
LF:22
LH:6
BRDA:24,0,0,0
BRDA:24,0,1,0
BRDA:36,1,0,5
BRDA:36,1,1,0
BRF:4
BRH:1
end_of_record
TN:
SF:lib/services/addressService.ts
FN:17,(anonymous_0)
FN:31,(anonymous_1)
FN:45,(anonymous_2)
FN:63,(anonymous_3)
FN:81,(anonymous_4)
FN:94,(anonymous_5)
FN:115,(anonymous_6)
FN:126,(anonymous_7)
FN:139,(anonymous_8)
FNF:9
FNH:0
FNDA:0,(anonymous_0)
FNDA:0,(anonymous_1)
FNDA:0,(anonymous_2)
FNDA:0,(anonymous_3)
FNDA:0,(anonymous_4)
FNDA:0,(anonymous_5)
FNDA:0,(anonymous_6)
FNDA:0,(anonymous_7)
FNDA:0,(anonymous_8)
DA:12,1
DA:18,0
DA:24,0
DA:25,0
DA:32,0
DA:38,0
DA:39,0
DA:46,0
DA:56,0
DA:57,0
DA:64,0
DA:74,0
DA:75,0
DA:82,0
DA:87,0
DA:98,0
DA:103,0
DA:104,0
DA:107,0
DA:108,0
DA:117,0
DA:120,0
DA:127,0
DA:132,0
DA:133,0
DA:140,0
DA:147,0
DA:149,0
DA:150,0
DA:153,0
LF:30
LH:1
BRDA:24,0,0,0
BRDA:24,0,1,0
BRDA:25,1,0,0
BRDA:25,1,1,0
BRDA:38,2,0,0
BRDA:38,2,1,0
BRDA:56,3,0,0
BRDA:56,3,1,0
BRDA:74,4,0,0
BRDA:74,4,1,0
BRDA:87,5,0,0
BRDA:87,5,1,0
BRDA:103,6,0,0
BRDA:103,6,1,0
BRDA:108,7,0,0
BRDA:108,7,1,0
BRDA:132,8,0,0
BRDA:132,8,1,0
BRDA:133,9,0,0
BRDA:133,9,1,0
BRDA:147,10,0,0
BRDA:147,10,1,0
BRDA:149,11,0,0
BRDA:149,11,1,0
BRF:24
BRH:0
end_of_record
TN:
SF:lib/services/imageService.ts
FN:46,(anonymous_0)
FN:81,(anonymous_1)
FN:131,(anonymous_2)
FN:164,(anonymous_3)
FN:177,(anonymous_4)
FN:197,(anonymous_5)
FN:210,(anonymous_6)
FN:211,(anonymous_7)
FN:217,(anonymous_8)
FNF:9
FNH:0
FNDA:0,(anonymous_0)
FNDA:0,(anonymous_1)
FNDA:0,(anonymous_2)
FNDA:0,(anonymous_3)
FNDA:0,(anonymous_4)
FNDA:0,(anonymous_5)
FNDA:0,(anonymous_6)
FNDA:0,(anonymous_7)
FNDA:0,(anonymous_8)
DA:11,0
DA:29,0
DA:36,0
DA:42,0
DA:48,0
DA:49,0
DA:56,0
DA:57,0
DA:63,0
DA:87,0
DA:88,0
DA:89,0
DA:92,0
DA:95,0
DA:96,0
DA:97,0
DA:101,0
DA:106,0
DA:113,0
DA:114,0
DA:115,0
DA:119,0
DA:123,0
DA:132,0
DA:134,0
DA:137,0
DA:138,0
DA:139,0
DA:142,0
DA:143,0
DA:146,0
DA:150,0
DA:151,0
DA:152,0
DA:155,0
DA:156,0
DA:165,0
DA:169,0
DA:182,0
DA:186,0
DA:187,0
DA:190,0
DA:201,0
DA:205,0
DA:206,0
DA:209,0
DA:210,0
DA:211,0
DA:218,0
DA:224,0
LF:50
LH:0
BRDA:48,0,0,0
BRDA:48,0,1,0
BRDA:56,1,0,0
BRDA:56,1,1,0
BRDA:88,2,0,0
BRDA:88,2,1,0
BRDA:97,3,0,0
BRDA:97,3,1,0
BRDA:101,4,0,0
BRDA:101,4,1,0
BRDA:113,5,0,0
BRDA:113,5,1,0
BRDA:132,6,0,0
BRDA:132,6,1,0
BRDA:138,7,0,0
BRDA:138,7,1,0
BRDA:150,8,0,0
BRDA:150,8,1,0
BRDA:180,9,0,0
BRDA:186,10,0,0
BRDA:186,10,1,0
BRDA:199,11,0,0
BRDA:205,12,0,0
BRDA:205,12,1,0
BRF:24
BRH:0
end_of_record
TN:
SF:lib/services/locationService.ts
FN:22,(anonymous_0)
FN:35,(anonymous_1)
FN:53,(anonymous_2)
FN:111,(anonymous_3)
FNF:4
FNH:0
FNDA:0,(anonymous_0)
FNDA:0,(anonymous_1)
FNDA:0,(anonymous_2)
FNDA:0,(anonymous_3)
DA:17,0
DA:23,0
DA:24,0
DA:25,0
DA:27,0
DA:28,0
DA:36,0
DA:37,0
DA:38,0
DA:40,0
DA:41,0
DA:55,0
DA:56,0
DA:57,0
DA:60,0
DA:62,0
DA:67,0
DA:72,0
DA:73,0
DA:77,0
DA:80,0
DA:88,0
DA:95,0
DA:97,0
DA:98,0
DA:103,0
DA:104,0
DA:115,0
DA:116,0
DA:117,0
DA:120,0
DA:121,0
DA:125,0
DA:130,0
DA:131,0
LF:35
LH:0
BRDA:56,0,0,0
BRDA:56,0,1,0
BRDA:72,1,0,0
BRDA:72,1,1,0
BRDA:72,2,0,0
BRDA:72,2,1,0
BRDA:89,3,0,0
BRDA:89,3,1,0
BRDA:89,3,2,0
BRDA:90,4,0,0
BRDA:90,4,1,0
BRDA:90,4,2,0
BRDA:91,5,0,0
BRDA:91,5,1,0
BRDA:92,6,0,0
BRDA:92,6,1,0
BRDA:95,7,0,0
BRDA:95,7,1,0
BRDA:97,8,0,0
BRDA:97,8,1,0
BRDA:97,9,0,0
BRDA:97,9,1,0
BRDA:116,10,0,0
BRDA:116,10,1,0
BRF:24
BRH:0
end_of_record
TN:
SF:lib/store/addressStore.ts
FN:61,(anonymous_0)
FN:67,(anonymous_1)
FN:86,(anonymous_2)
FN:107,(anonymous_3)
FN:125,(anonymous_4)
FN:130,(anonymous_5)
FN:140,(anonymous_6)
FN:141,(anonymous_7)
FN:162,(anonymous_8)
FN:166,(anonymous_9)
FN:176,(anonymous_10)
FN:210,(anonymous_11)
FN:214,(anonymous_12)
FN:224,(anonymous_13)
FN:225,(anonymous_14)
FN:243,(anonymous_15)
FN:251,(anonymous_16)
FN:259,(anonymous_17)
FN:266,(anonymous_18)
FN:273,(anonymous_19)
FN:280,(anonymous_20)
FN:288,(anonymous_21)
FN:300,(anonymous_22)
FN:312,(anonymous_23)
FN:319,(anonymous_24)
FN:325,(anonymous_25)
FN:327,(anonymous_26)
FNF:27
FNH:2
FNDA:1,(anonymous_0)
FNDA:0,(anonymous_1)
FNDA:0,(anonymous_2)
FNDA:0,(anonymous_3)
FNDA:0,(anonymous_4)
FNDA:0,(anonymous_5)
FNDA:0,(anonymous_6)
FNDA:0,(anonymous_7)
FNDA:0,(anonymous_8)
FNDA:0,(anonymous_9)
FNDA:0,(anonymous_10)
FNDA:0,(anonymous_11)
FNDA:0,(anonymous_12)
FNDA:0,(anonymous_13)
FNDA:0,(anonymous_14)
FNDA:0,(anonymous_15)
FNDA:0,(anonymous_16)
FNDA:0,(anonymous_17)
FNDA:0,(anonymous_18)
FNDA:0,(anonymous_19)
FNDA:0,(anonymous_20)
FNDA:0,(anonymous_21)
FNDA:0,(anonymous_22)
FNDA:0,(anonymous_23)
FNDA:0,(anonymous_24)
FNDA:1,(anonymous_25)
FNDA:0,(anonymous_26)
DA:46,1
DA:59,1
DA:61,1
DA:68,0
DA:69,0
DA:70,0
DA:71,0
DA:73,0
DA:77,0
DA:87,0
DA:90,0
DA:91,0
DA:92,0
DA:93,0
DA:96,0
DA:97,0
DA:99,0
DA:100,0
DA:104,0
DA:107,0
DA:112,0
DA:114,0
DA:118,0
DA:126,0
DA:127,0
DA:129,0
DA:130,0
DA:131,0
DA:132,0
DA:137,0
DA:140,0
DA:142,0
DA:147,0
DA:149,0
DA:153,0
DA:163,0
DA:164,0
DA:165,0
DA:166,0
DA:168,0
DA:169,0
DA:173,0
DA:176,0
DA:179,0
DA:181,0
DA:187,0
DA:191,0
DA:198,0
DA:202,0
DA:211,0
DA:212,0
DA:213,0
DA:214,0
DA:216,0
DA:217,0
DA:221,0
DA:224,0
DA:225,0
DA:232,0
DA:236,0
DA:244,0
DA:252,0
DA:260,0
DA:267,0
DA:274,0
DA:281,0
DA:289,0
DA:292,0
DA:293,0
DA:297,0
DA:299,0
DA:300,0
DA:302,0
DA:306,0
DA:313,0
DA:320,0
DA:325,1
DA:327,0
LF:78
LH:4
BRDA:74,0,0,0
BRDA:74,0,1,0
BRDA:90,1,0,0
BRDA:90,1,1,0
BRDA:99,2,0,0
BRDA:99,2,1,0
BRDA:115,3,0,0
BRDA:115,3,1,0
BRDA:129,4,0,0
BRDA:129,4,1,0
BRDA:131,5,0,0
BRDA:131,5,1,0
BRDA:142,6,0,0
BRDA:142,6,1,0
BRDA:150,7,0,0
BRDA:150,7,1,0
BRDA:168,8,0,0
BRDA:168,8,1,0
BRDA:179,9,0,0
BRDA:179,9,1,0
BRDA:179,10,0,0
BRDA:179,10,1,0
BRDA:195,11,0,0
BRDA:195,11,1,0
BRDA:199,12,0,0
BRDA:199,12,1,0
BRDA:216,13,0,0
BRDA:216,13,1,0
BRDA:233,14,0,0
BRDA:233,14,1,0
BRDA:292,15,0,0
BRDA:292,15,1,0
BRDA:297,16,0,0
BRDA:297,16,1,0
BRDA:302,17,0,0
BRDA:302,17,1,0
BRF:36
BRH:0
end_of_record
TN:
SF:lib/types/supabase.ts
FNF:0
FNH:0
DA:643,0
LF:1
LH:0
BRF:0
BRH:0
end_of_record
TN:
SF:lib/utils/addressHelpers.ts
FN:19,(anonymous_0)
FN:28,(anonymous_1)
FN:37,(anonymous_2)
FN:50,(anonymous_3)
FN:51,(anonymous_4)
FN:59,(anonymous_5)
FN:60,(anonymous_6)
FN:77,(anonymous_7)
FN:92,(anonymous_8)
FN:110,(anonymous_9)
FN:129,(anonymous_10)
FN:147,(anonymous_11)
FNF:12
FNH:0
FNDA:0,(anonymous_0)
FNDA:0,(anonymous_1)
FNDA:0,(anonymous_2)
FNDA:0,(anonymous_3)
FNDA:0,(anonymous_4)
FNDA:0,(anonymous_5)
FNDA:0,(anonymous_6)
FNDA:0,(anonymous_7)
FNDA:0,(anonymous_8)
FNDA:0,(anonymous_9)
FNDA:0,(anonymous_10)
FNDA:0,(anonymous_11)
DA:6,1
DA:11,1
DA:19,1
DA:20,0
DA:28,1
DA:29,0
DA:37,1
DA:38,0
DA:50,1
DA:51,0
DA:59,1
DA:60,0
DA:62,0
DA:63,0
DA:66,0
DA:67,0
DA:68,0
DA:77,1
DA:78,0
DA:92,1
DA:93,0
DA:95,0
DA:97,0
DA:99,0
DA:101,0
DA:110,1
DA:111,0
DA:113,0
DA:115,0
DA:117,0
DA:119,0
DA:129,1
DA:133,0
DA:147,1
DA:148,0
LF:35
LH:12
BRDA:51,0,0,0
BRDA:51,0,1,0
BRDA:62,1,0,0
BRDA:62,1,1,0
BRDA:62,2,0,0
BRDA:62,2,1,0
BRDA:63,3,0,0
BRDA:63,3,1,0
BRDA:63,4,0,0
BRDA:63,4,1,0
BRDA:66,5,0,0
BRDA:66,5,1,0
BRDA:67,6,0,0
BRDA:67,6,1,0
BRDA:79,7,0,0
BRDA:79,7,1,0
BRDA:79,7,2,0
BRDA:79,7,3,0
BRDA:79,7,4,0
BRDA:93,8,0,0
BRDA:93,8,1,0
BRDA:93,8,2,0
BRDA:93,8,3,0
BRDA:111,9,0,0
BRDA:111,9,1,0
BRDA:111,9,2,0
BRDA:111,9,3,0
BRDA:134,10,0,0
BRDA:134,10,1,0
BRDA:134,10,2,0
BRDA:134,10,3,0
BRDA:134,10,4,0
BRF:32
BRH:0
end_of_record
TN:
SF:lib/validations/addressSchema.ts
FN:32,(anonymous_0)
FNF:1
FNH:0
FNDA:0,(anonymous_0)
DA:7,0
DA:32,0
DA:48,0
LF:3
LH:0
BRF:0
BRH:0
end_of_record
